2024-11-23 11:08:20,277 - INFO - 不同epoch对比实验
2024-11-23 11:08:20,277 - INFO - Loading and preprocessing data...
2024-11-23 11:08:23,373 - INFO - Training Original_RNN with 20 epochs, learning rate 0.001...
2024-11-23 11:08:30,876 - INFO - Epoch 1/20, Train Loss: 0.1599, Val Loss: 0.1236
2024-11-23 11:08:37,317 - INFO - Epoch 2/20, Train Loss: 0.1437, Val Loss: 0.1189
2024-11-23 11:08:43,579 - INFO - Epoch 3/20, Train Loss: 0.1361, Val Loss: 0.1172
2024-11-23 11:08:50,758 - INFO - Epoch 4/20, Train Loss: 0.1328, Val Loss: 0.1171
2024-11-23 11:08:57,251 - INFO - Epoch 5/20, Train Loss: 0.1289, Val Loss: 0.1218
2024-11-23 11:09:03,898 - INFO - Epoch 6/20, Train Loss: 0.1282, Val Loss: 0.1183
2024-11-23 11:09:10,397 - INFO - Epoch 7/20, Train Loss: 0.1256, Val Loss: 0.1169
2024-11-23 11:09:16,373 - INFO - Epoch 8/20, Train Loss: 0.1246, Val Loss: 0.1201
2024-11-23 11:09:22,847 - INFO - Epoch 9/20, Train Loss: 0.1295, Val Loss: 0.1225
2024-11-23 11:09:29,663 - INFO - Epoch 10/20, Train Loss: 0.1277, Val Loss: 0.1235
2024-11-23 11:09:36,436 - INFO - Epoch 11/20, Train Loss: 0.1298, Val Loss: 0.1237
2024-11-23 11:09:43,264 - INFO - Epoch 12/20, Train Loss: 0.1332, Val Loss: 0.1220
2024-11-23 11:09:49,793 - INFO - Epoch 13/20, Train Loss: 0.1333, Val Loss: 0.1269
2024-11-23 11:09:57,002 - INFO - Epoch 14/20, Train Loss: 0.1292, Val Loss: 0.1220
2024-11-23 11:10:04,282 - INFO - Epoch 15/20, Train Loss: 0.1292, Val Loss: 0.1223
2024-11-23 11:10:11,313 - INFO - Epoch 16/20, Train Loss: 0.1295, Val Loss: 0.1251
2024-11-23 11:10:18,007 - INFO - Epoch 17/20, Train Loss: 0.1310, Val Loss: 0.1187
2024-11-23 11:10:25,181 - INFO - Epoch 18/20, Train Loss: 0.1251, Val Loss: 0.1244
2024-11-23 11:10:32,379 - INFO - Epoch 19/20, Train Loss: 0.1230, Val Loss: 0.1212
2024-11-23 11:10:39,362 - INFO - Epoch 20/20, Train Loss: 0.1200, Val Loss: 0.1202
2024-11-23 11:10:40,341 - INFO - Original_RNN Test Loss: 0.1351
2024-11-23 11:10:40,521 - INFO - Loading and preprocessing data...
2024-11-23 11:10:43,533 - INFO - Training Original_RNN with 100 epochs, learning rate 0.001...
2024-11-23 11:10:50,315 - INFO - Epoch 1/100, Train Loss: 0.1567, Val Loss: 0.1253
2024-11-23 11:10:57,439 - INFO - Epoch 2/100, Train Loss: 0.1409, Val Loss: 0.1258
2024-11-23 11:11:04,672 - INFO - Epoch 3/100, Train Loss: 0.1379, Val Loss: 0.1222
2024-11-23 11:11:11,694 - INFO - Epoch 4/100, Train Loss: 0.1334, Val Loss: 0.1252
2024-11-23 11:11:18,818 - INFO - Epoch 5/100, Train Loss: 0.1306, Val Loss: 0.1261
2024-11-23 11:11:25,997 - INFO - Epoch 6/100, Train Loss: 0.1299, Val Loss: 0.1196
2024-11-23 11:11:32,948 - INFO - Epoch 7/100, Train Loss: 0.1260, Val Loss: 0.1208
2024-11-23 11:11:39,725 - INFO - Epoch 8/100, Train Loss: 0.1258, Val Loss: 0.1249
2024-11-23 11:11:46,553 - INFO - Epoch 9/100, Train Loss: 0.1261, Val Loss: 0.1220
2024-11-23 11:11:52,953 - INFO - Epoch 10/100, Train Loss: 0.1212, Val Loss: 0.1210
2024-11-23 11:11:59,219 - INFO - Epoch 11/100, Train Loss: 0.1217, Val Loss: 0.1248
2024-11-23 11:12:05,793 - INFO - Epoch 12/100, Train Loss: 0.1185, Val Loss: 0.1246
2024-11-23 11:12:12,974 - INFO - Epoch 13/100, Train Loss: 0.1182, Val Loss: 0.1234
2024-11-23 11:12:20,009 - INFO - Epoch 14/100, Train Loss: 0.1165, Val Loss: 0.1233
2024-11-23 11:12:26,986 - INFO - Epoch 15/100, Train Loss: 0.1129, Val Loss: 0.1243
2024-11-23 11:12:34,023 - INFO - Epoch 16/100, Train Loss: 0.1176, Val Loss: 0.1248
2024-11-23 11:12:40,964 - INFO - Epoch 17/100, Train Loss: 0.1146, Val Loss: 0.1222
2024-11-23 11:12:47,752 - INFO - Epoch 18/100, Train Loss: 0.1159, Val Loss: 0.1424
2024-11-23 11:12:54,576 - INFO - Epoch 19/100, Train Loss: 0.1238, Val Loss: 0.1258
2024-11-23 11:13:01,276 - INFO - Epoch 20/100, Train Loss: 0.1199, Val Loss: 0.1218
2024-11-23 11:13:08,293 - INFO - Epoch 21/100, Train Loss: 0.1126, Val Loss: 0.1257
2024-11-23 11:13:15,090 - INFO - Epoch 22/100, Train Loss: 0.1101, Val Loss: 0.1296
2024-11-23 11:13:21,785 - INFO - Epoch 23/100, Train Loss: 0.1164, Val Loss: 0.1270
2024-11-23 11:13:28,855 - INFO - Epoch 24/100, Train Loss: 0.1208, Val Loss: 0.1252
2024-11-23 11:13:35,965 - INFO - Epoch 25/100, Train Loss: 0.1211, Val Loss: 0.1257
2024-11-23 11:13:42,937 - INFO - Epoch 26/100, Train Loss: 0.1215, Val Loss: 0.1255
2024-11-23 11:13:49,906 - INFO - Epoch 27/100, Train Loss: 0.1191, Val Loss: 0.1267
2024-11-23 11:13:56,879 - INFO - Epoch 28/100, Train Loss: 0.1204, Val Loss: 0.1306
2024-11-23 11:14:03,853 - INFO - Epoch 29/100, Train Loss: 0.1295, Val Loss: 0.1785
2024-11-23 11:14:10,854 - INFO - Epoch 30/100, Train Loss: 0.1375, Val Loss: 0.1275
2024-11-23 11:14:17,930 - INFO - Epoch 31/100, Train Loss: 0.1292, Val Loss: 0.1266
2024-11-23 11:14:24,939 - INFO - Epoch 32/100, Train Loss: 0.1250, Val Loss: 0.1242
2024-11-23 11:14:31,442 - INFO - Epoch 33/100, Train Loss: 0.1235, Val Loss: 0.1246
2024-11-23 11:14:37,941 - INFO - Epoch 34/100, Train Loss: 0.1269, Val Loss: 0.1274
2024-11-23 11:14:44,179 - INFO - Epoch 35/100, Train Loss: 0.1232, Val Loss: 0.1237
2024-11-23 11:14:50,699 - INFO - Epoch 36/100, Train Loss: 0.1221, Val Loss: 0.1232
2024-11-23 11:14:57,095 - INFO - Epoch 37/100, Train Loss: 0.1196, Val Loss: 0.1236
2024-11-23 11:15:03,972 - INFO - Epoch 38/100, Train Loss: 0.1186, Val Loss: 0.1299
2024-11-23 11:15:10,651 - INFO - Epoch 39/100, Train Loss: 0.1162, Val Loss: 0.1272
2024-11-23 11:15:17,244 - INFO - Epoch 40/100, Train Loss: 0.1162, Val Loss: 0.1257
2024-11-23 11:15:23,614 - INFO - Epoch 41/100, Train Loss: 0.1178, Val Loss: 0.1239
2024-11-23 11:15:30,092 - INFO - Epoch 42/100, Train Loss: 0.1158, Val Loss: 0.1244
2024-11-23 11:15:36,531 - INFO - Epoch 43/100, Train Loss: 0.1145, Val Loss: 0.1281
2024-11-23 11:15:39,465 - INFO - Epoch 44/100, Train Loss: 0.1143, Val Loss: 0.1334
2024-11-23 11:15:42,392 - INFO - Epoch 45/100, Train Loss: 0.1282, Val Loss: 0.1286
2024-11-23 11:15:45,323 - INFO - Epoch 46/100, Train Loss: 0.1230, Val Loss: 0.1296
2024-11-23 11:15:48,249 - INFO - Epoch 47/100, Train Loss: 0.1192, Val Loss: 0.1253
2024-11-23 11:15:51,177 - INFO - Epoch 48/100, Train Loss: 0.1150, Val Loss: 0.1230
2024-11-23 11:15:55,896 - INFO - Epoch 49/100, Train Loss: 0.1159, Val Loss: 0.1250
2024-11-23 11:15:58,827 - INFO - Epoch 50/100, Train Loss: 0.1261, Val Loss: 0.1271
2024-11-23 11:16:01,754 - INFO - Epoch 51/100, Train Loss: 0.1372, Val Loss: 0.1306
2024-11-23 11:16:04,746 - INFO - Epoch 52/100, Train Loss: 0.1343, Val Loss: 0.1267
2024-11-23 11:16:07,681 - INFO - Epoch 53/100, Train Loss: 0.1306, Val Loss: 0.1225
2024-11-23 11:16:10,613 - INFO - Epoch 54/100, Train Loss: 0.1232, Val Loss: 0.1259
2024-11-23 11:16:13,608 - INFO - Epoch 55/100, Train Loss: 0.1213, Val Loss: 0.1298
2024-11-23 11:16:16,534 - INFO - Epoch 56/100, Train Loss: 0.1188, Val Loss: 0.1290
2024-11-23 11:16:19,466 - INFO - Epoch 57/100, Train Loss: 0.1178, Val Loss: 0.1296
2024-11-23 11:16:22,393 - INFO - Epoch 58/100, Train Loss: 0.1138, Val Loss: 0.1338
2024-11-23 11:16:25,327 - INFO - Epoch 59/100, Train Loss: 0.1136, Val Loss: 0.1329
2024-11-23 11:16:28,259 - INFO - Epoch 60/100, Train Loss: 0.1093, Val Loss: 0.1308
2024-11-23 11:16:31,189 - INFO - Epoch 61/100, Train Loss: 0.1075, Val Loss: 0.1361
2024-11-23 11:16:34,123 - INFO - Epoch 62/100, Train Loss: 0.1065, Val Loss: 0.1385
2024-11-23 11:16:37,051 - INFO - Epoch 63/100, Train Loss: 0.1048, Val Loss: 0.1366
2024-11-23 11:16:39,981 - INFO - Epoch 64/100, Train Loss: 0.1049, Val Loss: 0.1332
2024-11-23 11:16:42,908 - INFO - Epoch 65/100, Train Loss: 0.1032, Val Loss: 0.1349
2024-11-23 11:16:45,837 - INFO - Epoch 66/100, Train Loss: 0.1008, Val Loss: 0.1389
2024-11-23 11:16:51,344 - INFO - Epoch 67/100, Train Loss: 0.1017, Val Loss: 0.1377
2024-11-23 11:16:55,600 - INFO - Epoch 68/100, Train Loss: 0.1039, Val Loss: 0.1420
2024-11-23 11:17:01,457 - INFO - Epoch 69/100, Train Loss: 0.0976, Val Loss: 0.1371
2024-11-23 11:17:08,105 - INFO - Epoch 70/100, Train Loss: 0.0971, Val Loss: 0.1391
2024-11-23 11:17:15,097 - INFO - Epoch 71/100, Train Loss: 0.0998, Val Loss: 0.1365
2024-11-23 11:17:22,373 - INFO - Epoch 72/100, Train Loss: 0.0973, Val Loss: 0.1388
2024-11-23 11:17:29,377 - INFO - Epoch 73/100, Train Loss: 0.1025, Val Loss: 0.1395
2024-11-23 11:17:35,947 - INFO - Epoch 74/100, Train Loss: 0.0965, Val Loss: 0.1432
2024-11-23 11:17:42,938 - INFO - Epoch 75/100, Train Loss: 0.0934, Val Loss: 0.1434
2024-11-23 11:17:49,762 - INFO - Epoch 76/100, Train Loss: 0.0967, Val Loss: 0.1391
2024-11-23 11:17:56,263 - INFO - Epoch 77/100, Train Loss: 0.0984, Val Loss: 0.1367
2024-11-23 11:18:02,465 - INFO - Epoch 78/100, Train Loss: 0.1094, Val Loss: 0.1367
2024-11-23 11:18:08,987 - INFO - Epoch 79/100, Train Loss: 0.1008, Val Loss: 0.1396
2024-11-23 11:18:15,287 - INFO - Epoch 80/100, Train Loss: 0.1169, Val Loss: 0.1397
2024-11-23 11:18:22,086 - INFO - Epoch 81/100, Train Loss: 0.1074, Val Loss: 0.1359
2024-11-23 11:18:28,457 - INFO - Epoch 82/100, Train Loss: 0.1010, Val Loss: 0.1409
2024-11-23 11:18:34,807 - INFO - Epoch 83/100, Train Loss: 0.1013, Val Loss: 0.1452
2024-11-23 11:18:41,305 - INFO - Epoch 84/100, Train Loss: 0.0986, Val Loss: 0.1444
2024-11-23 11:18:47,635 - INFO - Epoch 85/100, Train Loss: 0.0986, Val Loss: 0.1446
2024-11-23 11:18:54,170 - INFO - Epoch 86/100, Train Loss: 0.0974, Val Loss: 0.1418
2024-11-23 11:19:00,570 - INFO - Epoch 87/100, Train Loss: 0.1005, Val Loss: 0.1443
2024-11-23 11:19:07,317 - INFO - Epoch 88/100, Train Loss: 0.0988, Val Loss: 0.1332
2024-11-23 11:19:13,897 - INFO - Epoch 89/100, Train Loss: 0.1001, Val Loss: 0.1428
2024-11-23 11:19:20,516 - INFO - Epoch 90/100, Train Loss: 0.1155, Val Loss: 0.1416
2024-11-23 11:19:27,771 - INFO - Epoch 91/100, Train Loss: 0.1255, Val Loss: 0.1417
2024-11-23 11:19:35,161 - INFO - Epoch 92/100, Train Loss: 0.1196, Val Loss: 0.1351
2024-11-23 11:19:42,582 - INFO - Epoch 93/100, Train Loss: 0.1157, Val Loss: 0.1378
2024-11-23 11:19:50,089 - INFO - Epoch 94/100, Train Loss: 0.1101, Val Loss: 0.1334
2024-11-23 11:19:57,537 - INFO - Epoch 95/100, Train Loss: 0.1059, Val Loss: 0.1331
2024-11-23 11:20:04,242 - INFO - Epoch 96/100, Train Loss: 0.1100, Val Loss: 0.1313
2024-11-23 11:20:11,463 - INFO - Epoch 97/100, Train Loss: 0.1082, Val Loss: 0.1354
2024-11-23 11:20:18,100 - INFO - Epoch 98/100, Train Loss: 0.1038, Val Loss: 0.1367
2024-11-23 11:20:25,165 - INFO - Epoch 99/100, Train Loss: 0.1044, Val Loss: 0.1371
2024-11-23 11:20:32,312 - INFO - Epoch 100/100, Train Loss: 0.1069, Val Loss: 0.1389
2024-11-23 11:20:33,499 - INFO - Original_RNN Test Loss: 0.1546
2024-11-23 11:20:33,660 - INFO - Loading and preprocessing data...
2024-11-23 11:20:36,673 - INFO - Training Original_RNN with 300 epochs, learning rate 0.001...
2024-11-23 11:20:43,973 - INFO - Epoch 1/300, Train Loss: 0.1586, Val Loss: 0.1219
2024-11-23 11:20:50,962 - INFO - Epoch 2/300, Train Loss: 0.1411, Val Loss: 0.1189
2024-11-23 11:20:57,400 - INFO - Epoch 3/300, Train Loss: 0.1373, Val Loss: 0.1184
2024-11-23 11:21:03,902 - INFO - Epoch 4/300, Train Loss: 0.1319, Val Loss: 0.1191
2024-11-23 11:21:10,588 - INFO - Epoch 5/300, Train Loss: 0.1285, Val Loss: 0.1231
2024-11-23 11:21:16,984 - INFO - Epoch 6/300, Train Loss: 0.1271, Val Loss: 0.1163
2024-11-23 11:21:23,601 - INFO - Epoch 7/300, Train Loss: 0.1230, Val Loss: 0.1180
2024-11-23 11:21:29,983 - INFO - Epoch 8/300, Train Loss: 0.1209, Val Loss: 0.1143
2024-11-23 11:21:36,559 - INFO - Epoch 9/300, Train Loss: 0.1209, Val Loss: 0.1207
2024-11-23 11:21:43,039 - INFO - Epoch 10/300, Train Loss: 0.1268, Val Loss: 0.1162
2024-11-23 11:21:49,453 - INFO - Epoch 11/300, Train Loss: 0.1222, Val Loss: 0.1161
2024-11-23 11:21:55,862 - INFO - Epoch 12/300, Train Loss: 0.1193, Val Loss: 0.1208
2024-11-23 11:22:02,411 - INFO - Epoch 13/300, Train Loss: 0.1149, Val Loss: 0.1200
2024-11-23 11:22:09,114 - INFO - Epoch 14/300, Train Loss: 0.1119, Val Loss: 0.1225
2024-11-23 11:22:15,550 - INFO - Epoch 15/300, Train Loss: 0.1104, Val Loss: 0.1312
2024-11-23 11:22:22,137 - INFO - Epoch 16/300, Train Loss: 0.1080, Val Loss: 0.1211
2024-11-23 11:22:28,680 - INFO - Epoch 17/300, Train Loss: 0.1035, Val Loss: 0.1272
2024-11-23 11:22:35,243 - INFO - Epoch 18/300, Train Loss: 0.1047, Val Loss: 0.1308
2024-11-23 11:22:41,871 - INFO - Epoch 19/300, Train Loss: 0.1059, Val Loss: 0.1237
2024-11-23 11:22:48,139 - INFO - Epoch 20/300, Train Loss: 0.1054, Val Loss: 0.1267
2024-11-23 11:22:54,556 - INFO - Epoch 21/300, Train Loss: 0.1006, Val Loss: 0.1284
2024-11-23 11:23:00,815 - INFO - Epoch 22/300, Train Loss: 0.1015, Val Loss: 0.1294
2024-11-23 11:23:07,022 - INFO - Epoch 23/300, Train Loss: 0.1009, Val Loss: 0.1333
2024-11-23 11:23:13,598 - INFO - Epoch 24/300, Train Loss: 0.0945, Val Loss: 0.1324
2024-11-23 11:23:20,165 - INFO - Epoch 25/300, Train Loss: 0.0959, Val Loss: 0.1339
2024-11-23 11:23:27,193 - INFO - Epoch 26/300, Train Loss: 0.0928, Val Loss: 0.1265
2024-11-23 11:23:34,055 - INFO - Epoch 27/300, Train Loss: 0.0934, Val Loss: 0.1317
2024-11-23 11:23:40,599 - INFO - Epoch 28/300, Train Loss: 0.0881, Val Loss: 0.1381
2024-11-23 11:23:47,630 - INFO - Epoch 29/300, Train Loss: 0.0994, Val Loss: 0.1319
2024-11-23 11:23:54,091 - INFO - Epoch 30/300, Train Loss: 0.0977, Val Loss: 0.1321
2024-11-23 11:24:01,007 - INFO - Epoch 31/300, Train Loss: 0.0975, Val Loss: 0.1345
2024-11-23 11:24:08,079 - INFO - Epoch 32/300, Train Loss: 0.0920, Val Loss: 0.1332
2024-11-23 11:24:14,599 - INFO - Epoch 33/300, Train Loss: 0.0993, Val Loss: 0.1318
2024-11-23 11:24:21,088 - INFO - Epoch 34/300, Train Loss: 0.0975, Val Loss: 0.1361
2024-11-23 11:24:27,542 - INFO - Epoch 35/300, Train Loss: 0.1149, Val Loss: 0.1235
2024-11-23 11:24:34,056 - INFO - Epoch 36/300, Train Loss: 0.1049, Val Loss: 0.1336
2024-11-23 11:24:40,712 - INFO - Epoch 37/300, Train Loss: 0.0933, Val Loss: 0.1360
2024-11-23 11:24:47,161 - INFO - Epoch 38/300, Train Loss: 0.0889, Val Loss: 0.1292
2024-11-23 11:24:53,646 - INFO - Epoch 39/300, Train Loss: 0.0914, Val Loss: 0.1360
2024-11-23 11:25:00,119 - INFO - Epoch 40/300, Train Loss: 0.0950, Val Loss: 0.1357
2024-11-23 11:25:06,554 - INFO - Epoch 41/300, Train Loss: 0.1003, Val Loss: 0.1353
2024-11-23 11:25:12,985 - INFO - Epoch 42/300, Train Loss: 0.0903, Val Loss: 0.1266
2024-11-23 11:25:19,775 - INFO - Epoch 43/300, Train Loss: 0.0914, Val Loss: 0.1357
2024-11-23 11:25:26,265 - INFO - Epoch 44/300, Train Loss: 0.0875, Val Loss: 0.1380
2024-11-23 11:25:32,526 - INFO - Epoch 45/300, Train Loss: 0.0798, Val Loss: 0.1475
2024-11-23 11:25:35,805 - INFO - Epoch 46/300, Train Loss: 0.0852, Val Loss: 0.1399
2024-11-23 11:25:39,043 - INFO - Epoch 47/300, Train Loss: 0.1023, Val Loss: 0.1350
2024-11-23 11:25:42,300 - INFO - Epoch 48/300, Train Loss: 0.1065, Val Loss: 0.1380
2024-11-23 11:25:45,524 - INFO - Epoch 49/300, Train Loss: 0.1347, Val Loss: 0.1329
2024-11-23 11:25:48,933 - INFO - Epoch 50/300, Train Loss: 0.1154, Val Loss: 0.1296
2024-11-23 11:25:55,416 - INFO - Epoch 51/300, Train Loss: 0.1056, Val Loss: 0.1438
2024-11-23 11:26:01,842 - INFO - Epoch 52/300, Train Loss: 0.0984, Val Loss: 0.1371
2024-11-23 11:26:08,237 - INFO - Epoch 53/300, Train Loss: 0.1068, Val Loss: 0.1297
2024-11-23 11:26:14,622 - INFO - Epoch 54/300, Train Loss: 0.1064, Val Loss: 0.1334
2024-11-23 11:26:19,923 - INFO - Epoch 55/300, Train Loss: 0.0953, Val Loss: 0.1375
2024-11-23 11:26:23,183 - INFO - Epoch 56/300, Train Loss: 0.1017, Val Loss: 0.1390
2024-11-23 11:26:29,351 - INFO - Epoch 57/300, Train Loss: 0.1198, Val Loss: 0.1330
2024-11-23 11:26:35,920 - INFO - Epoch 58/300, Train Loss: 0.1157, Val Loss: 0.1261
2024-11-23 11:26:42,418 - INFO - Epoch 59/300, Train Loss: 0.1065, Val Loss: 0.1373
2024-11-23 11:26:49,292 - INFO - Epoch 60/300, Train Loss: 0.1082, Val Loss: 0.1276
2024-11-23 11:26:55,965 - INFO - Epoch 61/300, Train Loss: 0.1132, Val Loss: 0.1317
2024-11-23 11:27:02,481 - INFO - Epoch 62/300, Train Loss: 0.1109, Val Loss: 0.1354
2024-11-23 11:27:09,037 - INFO - Epoch 63/300, Train Loss: 0.1064, Val Loss: 0.1311
2024-11-23 11:27:16,052 - INFO - Epoch 64/300, Train Loss: 0.1249, Val Loss: 0.1328
2024-11-23 11:27:20,244 - INFO - Epoch 65/300, Train Loss: 0.1239, Val Loss: 0.1373
2024-11-23 11:27:24,390 - INFO - Epoch 66/300, Train Loss: 0.1229, Val Loss: 0.1321
2024-11-23 11:27:29,029 - INFO - Epoch 67/300, Train Loss: 0.1160, Val Loss: 0.1318
2024-11-23 11:27:34,828 - INFO - Epoch 68/300, Train Loss: 0.1112, Val Loss: 0.1342
2024-11-23 11:27:39,439 - INFO - Epoch 69/300, Train Loss: 0.1146, Val Loss: 0.1289
2024-11-23 11:27:43,994 - INFO - Epoch 70/300, Train Loss: 0.1167, Val Loss: 0.1273
2024-11-23 11:27:48,461 - INFO - Epoch 71/300, Train Loss: 0.1084, Val Loss: 0.1276
2024-11-23 11:27:53,394 - INFO - Epoch 72/300, Train Loss: 0.1084, Val Loss: 0.1341
2024-11-23 11:28:00,133 - INFO - Epoch 73/300, Train Loss: 0.1039, Val Loss: 0.1299
2024-11-23 11:28:06,546 - INFO - Epoch 74/300, Train Loss: 0.1189, Val Loss: 0.1358
2024-11-23 11:28:12,822 - INFO - Epoch 75/300, Train Loss: 0.1138, Val Loss: 0.1297
2024-11-23 11:28:19,351 - INFO - Epoch 76/300, Train Loss: 0.1086, Val Loss: 0.1342
2024-11-23 11:28:25,698 - INFO - Epoch 77/300, Train Loss: 0.1124, Val Loss: 0.1422
2024-11-23 11:28:31,986 - INFO - Epoch 78/300, Train Loss: 0.1215, Val Loss: 0.1317
2024-11-23 11:28:38,315 - INFO - Epoch 79/300, Train Loss: 0.1109, Val Loss: 0.1327
2024-11-23 11:28:44,730 - INFO - Epoch 80/300, Train Loss: 0.1078, Val Loss: 0.1369
2024-11-23 11:28:51,024 - INFO - Epoch 81/300, Train Loss: 0.1240, Val Loss: 0.1295
2024-11-23 11:28:57,327 - INFO - Epoch 82/300, Train Loss: 0.1209, Val Loss: 0.1310
2024-11-23 11:29:03,695 - INFO - Epoch 83/300, Train Loss: 0.1237, Val Loss: 0.1299
2024-11-23 11:29:10,027 - INFO - Epoch 84/300, Train Loss: 0.1224, Val Loss: 0.1297
2024-11-23 11:29:16,390 - INFO - Epoch 85/300, Train Loss: 0.1137, Val Loss: 0.1324
2024-11-23 11:29:22,726 - INFO - Epoch 86/300, Train Loss: 0.1134, Val Loss: 0.1294
2024-11-23 11:29:29,052 - INFO - Epoch 87/300, Train Loss: 0.1106, Val Loss: 0.1333
2024-11-23 11:29:35,453 - INFO - Epoch 88/300, Train Loss: 0.1192, Val Loss: 0.1258
2024-11-23 11:29:41,642 - INFO - Epoch 89/300, Train Loss: 0.1139, Val Loss: 0.1273
2024-11-23 11:29:48,101 - INFO - Epoch 90/300, Train Loss: 0.1092, Val Loss: 0.1299
2024-11-23 11:29:54,528 - INFO - Epoch 91/300, Train Loss: 0.1061, Val Loss: 0.1288
2024-11-23 11:30:00,850 - INFO - Epoch 92/300, Train Loss: 0.1083, Val Loss: 0.1315
2024-11-23 11:30:07,222 - INFO - Epoch 93/300, Train Loss: 0.1155, Val Loss: 0.1323
2024-11-23 11:30:13,521 - INFO - Epoch 94/300, Train Loss: 0.1120, Val Loss: 0.1323
2024-11-23 11:30:19,692 - INFO - Epoch 95/300, Train Loss: 0.1078, Val Loss: 0.1345
2024-11-23 11:30:26,285 - INFO - Epoch 96/300, Train Loss: 0.1096, Val Loss: 0.1376
2024-11-23 11:30:32,766 - INFO - Epoch 97/300, Train Loss: 0.1131, Val Loss: 0.1306
2024-11-23 11:30:39,416 - INFO - Epoch 98/300, Train Loss: 0.1054, Val Loss: 0.1329
2024-11-23 11:30:45,892 - INFO - Epoch 99/300, Train Loss: 0.1064, Val Loss: 0.1286
2024-11-23 11:30:52,362 - INFO - Epoch 100/300, Train Loss: 0.1064, Val Loss: 0.1324
2024-11-23 11:30:58,909 - INFO - Epoch 101/300, Train Loss: 0.1066, Val Loss: 0.1347
2024-11-23 11:31:05,586 - INFO - Epoch 102/300, Train Loss: 0.1224, Val Loss: 0.1292
2024-11-23 11:31:11,940 - INFO - Epoch 103/300, Train Loss: 0.1121, Val Loss: 0.1317
2024-11-23 11:31:18,282 - INFO - Epoch 104/300, Train Loss: 0.1076, Val Loss: 0.1395
2024-11-23 11:31:24,805 - INFO - Epoch 105/300, Train Loss: 0.1027, Val Loss: 0.1354
2024-11-23 11:31:31,130 - INFO - Epoch 106/300, Train Loss: 0.1069, Val Loss: 0.1353
2024-11-23 11:31:37,555 - INFO - Epoch 107/300, Train Loss: 0.1137, Val Loss: 0.1359
2024-11-23 11:31:43,923 - INFO - Epoch 108/300, Train Loss: 0.1074, Val Loss: 0.1323
2024-11-23 11:31:50,261 - INFO - Epoch 109/300, Train Loss: 0.1029, Val Loss: 0.1330
2024-11-23 11:31:56,746 - INFO - Epoch 110/300, Train Loss: 0.1105, Val Loss: 0.1310
2024-11-23 11:32:03,200 - INFO - Epoch 111/300, Train Loss: 0.1180, Val Loss: 0.1312
2024-11-23 11:32:09,498 - INFO - Epoch 112/300, Train Loss: 0.1194, Val Loss: 0.1371
2024-11-23 11:32:15,825 - INFO - Epoch 113/300, Train Loss: 0.1188, Val Loss: 0.1301
2024-11-23 11:32:22,205 - INFO - Epoch 114/300, Train Loss: 0.1176, Val Loss: 0.1266
2024-11-23 11:32:28,446 - INFO - Epoch 115/300, Train Loss: 0.1203, Val Loss: 0.1336
2024-11-23 11:32:34,874 - INFO - Epoch 116/300, Train Loss: 0.1192, Val Loss: 0.1308
2024-11-23 11:32:41,250 - INFO - Epoch 117/300, Train Loss: 0.1230, Val Loss: 0.1345
2024-11-23 11:32:47,438 - INFO - Epoch 118/300, Train Loss: 0.1168, Val Loss: 0.1340
2024-11-23 11:32:53,733 - INFO - Epoch 119/300, Train Loss: 0.1146, Val Loss: 0.1336
2024-11-23 11:33:00,134 - INFO - Epoch 120/300, Train Loss: 0.1154, Val Loss: 0.1353
2024-11-23 11:33:06,353 - INFO - Epoch 121/300, Train Loss: 0.1106, Val Loss: 0.1369
2024-11-23 11:33:12,677 - INFO - Epoch 122/300, Train Loss: 0.1153, Val Loss: 0.1370
2024-11-23 11:33:18,646 - INFO - Epoch 123/300, Train Loss: 0.1119, Val Loss: 0.1331
2024-11-23 11:33:24,721 - INFO - Epoch 124/300, Train Loss: 0.1111, Val Loss: 0.1314
2024-11-23 11:33:31,445 - INFO - Epoch 125/300, Train Loss: 0.1277, Val Loss: 0.1294
2024-11-23 11:33:38,434 - INFO - Epoch 126/300, Train Loss: 0.1180, Val Loss: 0.1301
2024-11-23 11:33:45,410 - INFO - Epoch 127/300, Train Loss: 0.1144, Val Loss: 0.1273
2024-11-23 11:33:52,458 - INFO - Epoch 128/300, Train Loss: 0.1111, Val Loss: 0.1272
2024-11-23 11:33:59,072 - INFO - Epoch 129/300, Train Loss: 0.1116, Val Loss: 0.1305
2024-11-23 11:34:05,751 - INFO - Epoch 130/300, Train Loss: 0.1115, Val Loss: 0.1310
2024-11-23 11:34:12,210 - INFO - Epoch 131/300, Train Loss: 0.1108, Val Loss: 0.1301
2024-11-23 11:34:18,900 - INFO - Epoch 132/300, Train Loss: 0.1129, Val Loss: 0.1340
2024-11-23 11:34:25,547 - INFO - Epoch 133/300, Train Loss: 0.1259, Val Loss: 0.1295
2024-11-23 11:34:32,117 - INFO - Epoch 134/300, Train Loss: 0.1167, Val Loss: 0.1381
2024-11-23 11:34:38,740 - INFO - Epoch 135/300, Train Loss: 0.1139, Val Loss: 0.1317
2024-11-23 11:34:45,288 - INFO - Epoch 136/300, Train Loss: 0.1177, Val Loss: 0.1319
2024-11-23 11:34:51,849 - INFO - Epoch 137/300, Train Loss: 0.1179, Val Loss: 0.1385
2024-11-23 11:34:58,326 - INFO - Epoch 138/300, Train Loss: 0.1188, Val Loss: 0.1301
2024-11-23 11:35:04,836 - INFO - Epoch 139/300, Train Loss: 0.1176, Val Loss: 0.1272
2024-11-23 11:35:11,373 - INFO - Epoch 140/300, Train Loss: 0.1114, Val Loss: 0.1285
2024-11-23 11:35:17,919 - INFO - Epoch 141/300, Train Loss: 0.1133, Val Loss: 0.1290
2024-11-23 11:35:24,438 - INFO - Epoch 142/300, Train Loss: 0.1184, Val Loss: 0.1372
2024-11-23 11:35:30,992 - INFO - Epoch 143/300, Train Loss: 0.1287, Val Loss: 0.1268
2024-11-23 11:35:37,596 - INFO - Epoch 144/300, Train Loss: 0.1281, Val Loss: 0.1261
2024-11-23 11:35:44,121 - INFO - Epoch 145/300, Train Loss: 0.1266, Val Loss: 0.1248
2024-11-23 11:35:50,700 - INFO - Epoch 146/300, Train Loss: 0.1231, Val Loss: 0.1250
2024-11-23 11:35:57,291 - INFO - Epoch 147/300, Train Loss: 0.1193, Val Loss: 0.1287
2024-11-23 11:36:03,923 - INFO - Epoch 148/300, Train Loss: 0.1169, Val Loss: 0.1288
2024-11-23 11:36:10,562 - INFO - Epoch 149/300, Train Loss: 0.1213, Val Loss: 0.1243
2024-11-23 11:36:17,133 - INFO - Epoch 150/300, Train Loss: 0.1188, Val Loss: 0.1254
2024-11-23 11:36:23,739 - INFO - Epoch 151/300, Train Loss: 0.1188, Val Loss: 0.1321
2024-11-23 11:36:30,199 - INFO - Epoch 152/300, Train Loss: 0.1183, Val Loss: 0.1282
2024-11-23 11:36:36,643 - INFO - Epoch 153/300, Train Loss: 0.1196, Val Loss: 0.1283
2024-11-23 11:36:43,230 - INFO - Epoch 154/300, Train Loss: 0.1240, Val Loss: 0.1316
2024-11-23 11:36:49,763 - INFO - Epoch 155/300, Train Loss: 0.1236, Val Loss: 0.1271
2024-11-23 11:36:56,295 - INFO - Epoch 156/300, Train Loss: 0.1168, Val Loss: 0.1286
2024-11-23 11:37:02,855 - INFO - Epoch 157/300, Train Loss: 0.1185, Val Loss: 0.1307
2024-11-23 11:37:09,502 - INFO - Epoch 158/300, Train Loss: 0.1211, Val Loss: 0.1308
2024-11-23 11:37:15,947 - INFO - Epoch 159/300, Train Loss: 0.1167, Val Loss: 0.1402
2024-11-23 11:37:19,591 - INFO - Epoch 160/300, Train Loss: 0.1193, Val Loss: 0.1287
2024-11-23 11:37:23,305 - INFO - Epoch 161/300, Train Loss: 0.1167, Val Loss: 0.1312
2024-11-23 11:37:27,139 - INFO - Epoch 162/300, Train Loss: 0.1201, Val Loss: 0.1280
2024-11-23 11:37:31,251 - INFO - Epoch 163/300, Train Loss: 0.1183, Val Loss: 0.1273
2024-11-23 11:37:37,723 - INFO - Epoch 164/300, Train Loss: 0.1179, Val Loss: 0.1303
2024-11-23 11:37:44,317 - INFO - Epoch 165/300, Train Loss: 0.1209, Val Loss: 0.1288
2024-11-23 11:37:50,854 - INFO - Epoch 166/300, Train Loss: 0.1183, Val Loss: 0.1306
2024-11-23 11:37:57,360 - INFO - Epoch 167/300, Train Loss: 0.1186, Val Loss: 0.1308
2024-11-23 11:38:04,113 - INFO - Epoch 168/300, Train Loss: 0.1206, Val Loss: 0.1273
2024-11-23 11:38:11,092 - INFO - Epoch 169/300, Train Loss: 0.1250, Val Loss: 0.1314
2024-11-23 11:38:17,727 - INFO - Epoch 170/300, Train Loss: 0.1226, Val Loss: 0.1299
2024-11-23 11:38:24,273 - INFO - Epoch 171/300, Train Loss: 0.1210, Val Loss: 0.1289
2024-11-23 11:38:30,915 - INFO - Epoch 172/300, Train Loss: 0.1221, Val Loss: 0.1330
2024-11-23 11:38:37,482 - INFO - Epoch 173/300, Train Loss: 0.1289, Val Loss: 0.1293
2024-11-23 11:38:44,007 - INFO - Epoch 174/300, Train Loss: 0.1261, Val Loss: 0.1284
2024-11-23 11:38:50,159 - INFO - Epoch 175/300, Train Loss: 0.1202, Val Loss: 0.1298
2024-11-23 11:38:56,196 - INFO - Epoch 176/300, Train Loss: 0.1216, Val Loss: 0.1291
2024-11-23 11:39:02,954 - INFO - Epoch 177/300, Train Loss: 0.1202, Val Loss: 0.1306
2024-11-23 11:39:09,299 - INFO - Epoch 178/300, Train Loss: 0.1205, Val Loss: 0.1326
2024-11-23 11:39:12,732 - INFO - Epoch 179/300, Train Loss: 0.1247, Val Loss: 0.1261
2024-11-23 11:39:16,201 - INFO - Epoch 180/300, Train Loss: 0.1197, Val Loss: 0.1264
2024-11-23 11:39:19,788 - INFO - Epoch 181/300, Train Loss: 0.1213, Val Loss: 0.1278
2024-11-23 11:39:23,365 - INFO - Epoch 182/300, Train Loss: 0.1250, Val Loss: 0.1343
2024-11-23 11:39:27,989 - INFO - Epoch 183/300, Train Loss: 0.1289, Val Loss: 0.1280
2024-11-23 11:39:34,529 - INFO - Epoch 184/300, Train Loss: 0.1238, Val Loss: 0.1311
2024-11-23 11:39:41,094 - INFO - Epoch 185/300, Train Loss: 0.1221, Val Loss: 0.1307
2024-11-23 11:39:47,625 - INFO - Epoch 186/300, Train Loss: 0.1226, Val Loss: 0.1295
2024-11-23 11:39:54,199 - INFO - Epoch 187/300, Train Loss: 0.1232, Val Loss: 0.1275
2024-11-23 11:40:00,761 - INFO - Epoch 188/300, Train Loss: 0.1215, Val Loss: 0.1320
2024-11-23 11:40:07,320 - INFO - Epoch 189/300, Train Loss: 0.1213, Val Loss: 0.1347
2024-11-23 11:40:13,882 - INFO - Epoch 190/300, Train Loss: 0.1260, Val Loss: 0.1282
2024-11-23 11:40:20,354 - INFO - Epoch 191/300, Train Loss: 0.1241, Val Loss: 0.1284
2024-11-23 11:40:26,919 - INFO - Epoch 192/300, Train Loss: 0.1211, Val Loss: 0.1292
2024-11-23 11:40:33,252 - INFO - Epoch 193/300, Train Loss: 0.1207, Val Loss: 0.1331
2024-11-23 11:40:39,786 - INFO - Epoch 194/300, Train Loss: 0.1216, Val Loss: 0.1313
2024-11-23 11:40:47,082 - INFO - Epoch 195/300, Train Loss: 0.1243, Val Loss: 0.1279
2024-11-23 11:40:54,014 - INFO - Epoch 196/300, Train Loss: 0.1272, Val Loss: 0.1287
2024-11-23 11:41:00,539 - INFO - Epoch 197/300, Train Loss: 0.1291, Val Loss: 0.1274
2024-11-23 11:41:06,933 - INFO - Epoch 198/300, Train Loss: 0.1275, Val Loss: 0.1322
2024-11-23 11:41:13,495 - INFO - Epoch 199/300, Train Loss: 0.1278, Val Loss: 0.1286
2024-11-23 11:41:19,949 - INFO - Epoch 200/300, Train Loss: 0.1289, Val Loss: 0.1302
2024-11-23 11:41:27,191 - INFO - Epoch 201/300, Train Loss: 0.1234, Val Loss: 0.1305
2024-11-23 11:41:34,352 - INFO - Epoch 202/300, Train Loss: 0.1232, Val Loss: 0.1296
2024-11-23 11:41:41,571 - INFO - Epoch 203/300, Train Loss: 0.1218, Val Loss: 0.1293
2024-11-23 11:41:48,126 - INFO - Epoch 204/300, Train Loss: 0.1235, Val Loss: 0.1294
2024-11-23 11:41:54,678 - INFO - Epoch 205/300, Train Loss: 0.1245, Val Loss: 0.1324
2024-11-23 11:42:01,254 - INFO - Epoch 206/300, Train Loss: 0.1289, Val Loss: 0.1344
2024-11-23 11:42:07,767 - INFO - Epoch 207/300, Train Loss: 0.1313, Val Loss: 0.1311
2024-11-23 11:42:14,219 - INFO - Epoch 208/300, Train Loss: 0.1273, Val Loss: 0.1319
2024-11-23 11:42:20,683 - INFO - Epoch 209/300, Train Loss: 0.1276, Val Loss: 0.1290
2024-11-23 11:42:27,165 - INFO - Epoch 210/300, Train Loss: 0.1260, Val Loss: 0.1325
2024-11-23 11:42:33,650 - INFO - Epoch 211/300, Train Loss: 0.1234, Val Loss: 0.1290
2024-11-23 11:42:39,996 - INFO - Epoch 212/300, Train Loss: 0.1215, Val Loss: 0.1298
2024-11-23 11:42:46,149 - INFO - Epoch 213/300, Train Loss: 0.1198, Val Loss: 0.1253
2024-11-23 11:42:52,337 - INFO - Epoch 214/300, Train Loss: 0.1199, Val Loss: 0.1290
2024-11-23 11:42:58,730 - INFO - Epoch 215/300, Train Loss: 0.1249, Val Loss: 0.1288
2024-11-23 11:43:05,042 - INFO - Epoch 216/300, Train Loss: 0.1236, Val Loss: 0.1272
2024-11-23 11:43:11,224 - INFO - Epoch 217/300, Train Loss: 0.1258, Val Loss: 0.1294
2024-11-23 11:43:17,365 - INFO - Epoch 218/300, Train Loss: 0.1302, Val Loss: 0.1308
2024-11-23 11:43:23,671 - INFO - Epoch 219/300, Train Loss: 0.1277, Val Loss: 0.1302
2024-11-23 11:43:30,025 - INFO - Epoch 220/300, Train Loss: 0.1308, Val Loss: 0.1317
2024-11-23 11:43:36,530 - INFO - Epoch 221/300, Train Loss: 0.1272, Val Loss: 0.1293
2024-11-23 11:43:42,963 - INFO - Epoch 222/300, Train Loss: 0.1256, Val Loss: 0.1308
2024-11-23 11:43:49,566 - INFO - Epoch 223/300, Train Loss: 0.1218, Val Loss: 0.1299
2024-11-23 11:43:56,145 - INFO - Epoch 224/300, Train Loss: 0.1229, Val Loss: 0.1353
2024-11-23 11:44:01,965 - INFO - Epoch 225/300, Train Loss: 0.1270, Val Loss: 0.1347
2024-11-23 11:44:08,012 - INFO - Epoch 226/300, Train Loss: 0.1250, Val Loss: 0.1308
2024-11-23 11:44:14,271 - INFO - Epoch 227/300, Train Loss: 0.1237, Val Loss: 0.1329
2024-11-23 11:44:20,470 - INFO - Epoch 228/300, Train Loss: 0.1219, Val Loss: 0.1303
2024-11-23 11:44:26,642 - INFO - Epoch 229/300, Train Loss: 0.1394, Val Loss: 0.1358
2024-11-23 11:44:32,640 - INFO - Epoch 230/300, Train Loss: 0.1350, Val Loss: 0.1372
2024-11-23 11:44:38,696 - INFO - Epoch 231/300, Train Loss: 0.1346, Val Loss: 0.1355
2024-11-23 11:44:45,257 - INFO - Epoch 232/300, Train Loss: 0.1331, Val Loss: 0.1371
2024-11-23 11:44:51,090 - INFO - Epoch 233/300, Train Loss: 0.1326, Val Loss: 0.1358
2024-11-23 11:44:57,362 - INFO - Epoch 234/300, Train Loss: 0.1327, Val Loss: 0.1297
2024-11-23 11:45:03,606 - INFO - Epoch 235/300, Train Loss: 0.1399, Val Loss: 0.1321
2024-11-23 11:45:10,057 - INFO - Epoch 236/300, Train Loss: 0.1361, Val Loss: 0.1339
2024-11-23 11:45:16,521 - INFO - Epoch 237/300, Train Loss: 0.1379, Val Loss: 0.1302
2024-11-23 11:45:22,833 - INFO - Epoch 238/300, Train Loss: 0.1380, Val Loss: 0.1277
2024-11-23 11:45:29,310 - INFO - Epoch 239/300, Train Loss: 0.1334, Val Loss: 0.1286
2024-11-23 11:45:35,799 - INFO - Epoch 240/300, Train Loss: 0.1360, Val Loss: 0.1318
2024-11-23 11:45:42,336 - INFO - Epoch 241/300, Train Loss: 0.1362, Val Loss: 0.1281
2024-11-23 11:45:48,856 - INFO - Epoch 242/300, Train Loss: 0.1343, Val Loss: 0.1264
2024-11-23 11:45:55,360 - INFO - Epoch 243/300, Train Loss: 0.1347, Val Loss: 0.1250
2024-11-23 11:46:01,841 - INFO - Epoch 244/300, Train Loss: 0.1305, Val Loss: 0.1270
2024-11-23 11:46:08,479 - INFO - Epoch 245/300, Train Loss: 0.1337, Val Loss: 0.1252
2024-11-23 11:46:15,045 - INFO - Epoch 246/300, Train Loss: 0.1309, Val Loss: 0.1293
2024-11-23 11:46:21,283 - INFO - Epoch 247/300, Train Loss: 0.1286, Val Loss: 0.1331
2024-11-23 11:46:27,898 - INFO - Epoch 248/300, Train Loss: 0.1295, Val Loss: 0.1256
2024-11-23 11:46:33,945 - INFO - Epoch 249/300, Train Loss: 0.1297, Val Loss: 0.1277
2024-11-23 11:46:40,434 - INFO - Epoch 250/300, Train Loss: 0.1283, Val Loss: 0.1318
2024-11-23 11:46:46,972 - INFO - Epoch 251/300, Train Loss: 0.1306, Val Loss: 0.1295
2024-11-23 11:46:53,369 - INFO - Epoch 252/300, Train Loss: 0.1308, Val Loss: 0.1237
2024-11-23 11:46:59,769 - INFO - Epoch 253/300, Train Loss: 0.1276, Val Loss: 0.1256
2024-11-23 11:47:05,958 - INFO - Epoch 254/300, Train Loss: 0.1250, Val Loss: 0.1285
2024-11-23 11:47:12,443 - INFO - Epoch 255/300, Train Loss: 0.1257, Val Loss: 0.1304
2024-11-23 11:47:18,935 - INFO - Epoch 256/300, Train Loss: 0.1244, Val Loss: 0.1274
2024-11-23 11:47:25,526 - INFO - Epoch 257/300, Train Loss: 0.1299, Val Loss: 0.1286
2024-11-23 11:47:32,019 - INFO - Epoch 258/300, Train Loss: 0.1338, Val Loss: 0.1264
2024-11-23 11:47:38,581 - INFO - Epoch 259/300, Train Loss: 0.1339, Val Loss: 0.1224
2024-11-23 11:47:45,098 - INFO - Epoch 260/300, Train Loss: 0.1292, Val Loss: 0.1222
2024-11-23 11:47:51,640 - INFO - Epoch 261/300, Train Loss: 0.1299, Val Loss: 0.1241
2024-11-23 11:47:57,873 - INFO - Epoch 262/300, Train Loss: 0.1273, Val Loss: 0.1277
2024-11-23 11:48:01,960 - INFO - Epoch 263/300, Train Loss: 0.1265, Val Loss: 0.1253
2024-11-23 11:48:06,359 - INFO - Epoch 264/300, Train Loss: 0.1245, Val Loss: 0.1241
2024-11-23 11:48:12,456 - INFO - Epoch 265/300, Train Loss: 0.1237, Val Loss: 0.1278
2024-11-23 11:48:18,123 - INFO - Epoch 266/300, Train Loss: 0.1256, Val Loss: 0.1286
2024-11-23 11:48:24,822 - INFO - Epoch 267/300, Train Loss: 0.1221, Val Loss: 0.1258
2024-11-23 11:48:31,485 - INFO - Epoch 268/300, Train Loss: 0.1274, Val Loss: 0.1268
2024-11-23 11:48:37,900 - INFO - Epoch 269/300, Train Loss: 0.1230, Val Loss: 0.1232
2024-11-23 11:48:44,740 - INFO - Epoch 270/300, Train Loss: 0.1254, Val Loss: 0.1229
2024-11-23 11:48:51,579 - INFO - Epoch 271/300, Train Loss: 0.1223, Val Loss: 0.1240
2024-11-23 11:48:58,482 - INFO - Epoch 272/300, Train Loss: 0.1225, Val Loss: 0.1347
2024-11-23 11:49:05,287 - INFO - Epoch 273/300, Train Loss: 0.1219, Val Loss: 0.1283
2024-11-23 11:49:12,089 - INFO - Epoch 274/300, Train Loss: 0.1244, Val Loss: 0.1243
2024-11-23 11:49:18,487 - INFO - Epoch 275/300, Train Loss: 0.1338, Val Loss: 0.1273
2024-11-23 11:49:24,721 - INFO - Epoch 276/300, Train Loss: 0.1327, Val Loss: 0.1271
2024-11-23 11:49:31,099 - INFO - Epoch 277/300, Train Loss: 0.1302, Val Loss: 0.1246
2024-11-23 11:49:37,671 - INFO - Epoch 278/300, Train Loss: 0.1279, Val Loss: 0.1247
2024-11-23 11:49:44,480 - INFO - Epoch 279/300, Train Loss: 0.1287, Val Loss: 0.1246
2024-11-23 11:49:51,257 - INFO - Epoch 280/300, Train Loss: 0.1364, Val Loss: 0.1293
2024-11-23 11:49:58,091 - INFO - Epoch 281/300, Train Loss: 0.1337, Val Loss: 0.1280
2024-11-23 11:50:04,884 - INFO - Epoch 282/300, Train Loss: 0.1303, Val Loss: 0.1233
2024-11-23 11:50:11,337 - INFO - Epoch 283/300, Train Loss: 0.1309, Val Loss: 0.1259
2024-11-23 11:50:17,957 - INFO - Epoch 284/300, Train Loss: 0.1312, Val Loss: 0.1318
2024-11-23 11:50:24,237 - INFO - Epoch 285/300, Train Loss: 0.1304, Val Loss: 0.1258
2024-11-23 11:50:30,620 - INFO - Epoch 286/300, Train Loss: 0.1273, Val Loss: 0.1263
2024-11-23 11:50:37,069 - INFO - Epoch 287/300, Train Loss: 0.1278, Val Loss: 0.1308
2024-11-23 11:50:43,439 - INFO - Epoch 288/300, Train Loss: 0.1257, Val Loss: 0.1277
2024-11-23 11:50:49,948 - INFO - Epoch 289/300, Train Loss: 0.1262, Val Loss: 0.1250
2024-11-23 11:50:56,344 - INFO - Epoch 290/300, Train Loss: 0.1305, Val Loss: 0.1266
2024-11-23 11:51:02,727 - INFO - Epoch 291/300, Train Loss: 0.1273, Val Loss: 0.1264
2024-11-23 11:51:09,022 - INFO - Epoch 292/300, Train Loss: 0.1256, Val Loss: 0.1264
2024-11-23 11:51:15,147 - INFO - Epoch 293/300, Train Loss: 0.1270, Val Loss: 0.1287
2024-11-23 11:51:21,020 - INFO - Epoch 294/300, Train Loss: 0.1261, Val Loss: 0.1245
2024-11-23 11:51:27,402 - INFO - Epoch 295/300, Train Loss: 0.1242, Val Loss: 0.1244
2024-11-23 11:51:33,843 - INFO - Epoch 296/300, Train Loss: 0.1233, Val Loss: 0.1252
2024-11-23 11:51:40,810 - INFO - Epoch 297/300, Train Loss: 0.1227, Val Loss: 0.1228
2024-11-23 11:51:47,251 - INFO - Epoch 298/300, Train Loss: 0.1244, Val Loss: 0.1256
2024-11-23 11:51:53,618 - INFO - Epoch 299/300, Train Loss: 0.1226, Val Loss: 0.1230
2024-11-23 11:51:59,924 - INFO - Epoch 300/300, Train Loss: 0.1303, Val Loss: 0.1339
2024-11-23 11:52:00,958 - INFO - Original_RNN Test Loss: 0.1451
2024-11-23 11:52:01,150 - INFO - 不同学习率对比实验
2024-11-23 11:52:01,150 - INFO - Loading and preprocessing data...
2024-11-23 11:52:04,110 - INFO - Training Original_RNN with 100 epochs, learning rate 0.1...
2024-11-23 11:52:10,677 - INFO - Epoch 1/100, Train Loss: 0.4109, Val Loss: 0.3097
2024-11-23 11:52:17,366 - INFO - Epoch 2/100, Train Loss: 0.4144, Val Loss: 0.4721
2024-11-23 11:52:23,967 - INFO - Epoch 3/100, Train Loss: 0.4246, Val Loss: 0.3055
2024-11-23 11:52:30,372 - INFO - Epoch 4/100, Train Loss: 0.4469, Val Loss: 0.5128
2024-11-23 11:52:36,920 - INFO - Epoch 5/100, Train Loss: 0.4354, Val Loss: 0.3229
2024-11-23 11:52:43,462 - INFO - Epoch 6/100, Train Loss: 0.4538, Val Loss: 0.4109
2024-11-23 11:52:49,970 - INFO - Epoch 7/100, Train Loss: 0.6529, Val Loss: 0.5837
2024-11-23 11:52:56,997 - INFO - Epoch 8/100, Train Loss: 0.7355, Val Loss: 1.1413
2024-11-23 11:53:03,811 - INFO - Epoch 9/100, Train Loss: 0.7282, Val Loss: 0.5266
2024-11-23 11:53:10,604 - INFO - Epoch 10/100, Train Loss: 0.7426, Val Loss: 0.5126
2024-11-23 11:53:17,421 - INFO - Epoch 11/100, Train Loss: 0.7402, Val Loss: 0.8513
2024-11-23 11:53:24,236 - INFO - Epoch 12/100, Train Loss: 0.7285, Val Loss: 0.5794
2024-11-23 11:53:31,074 - INFO - Epoch 13/100, Train Loss: 0.7373, Val Loss: 0.5349
2024-11-23 11:53:37,889 - INFO - Epoch 14/100, Train Loss: 0.7409, Val Loss: 0.8772
2024-11-23 11:53:44,743 - INFO - Epoch 15/100, Train Loss: 0.7287, Val Loss: 0.5896
2024-11-23 11:53:51,550 - INFO - Epoch 16/100, Train Loss: 0.7523, Val Loss: 0.5126
2024-11-23 11:53:58,056 - INFO - Epoch 17/100, Train Loss: 0.7393, Val Loss: 0.7359
2024-11-23 11:54:04,504 - INFO - Epoch 18/100, Train Loss: 0.7483, Val Loss: 0.6474
2024-11-23 11:54:11,346 - INFO - Epoch 19/100, Train Loss: 0.7655, Val Loss: 0.5104
2024-11-23 11:54:18,161 - INFO - Epoch 20/100, Train Loss: 0.7383, Val Loss: 0.5069
2024-11-23 11:54:25,037 - INFO - Epoch 21/100, Train Loss: 0.7524, Val Loss: 0.5718
2024-11-23 11:54:31,860 - INFO - Epoch 22/100, Train Loss: 0.7134, Val Loss: 0.5153
2024-11-23 11:54:38,672 - INFO - Epoch 23/100, Train Loss: 0.5484, Val Loss: 0.3081
2024-11-23 11:54:45,481 - INFO - Epoch 24/100, Train Loss: 0.4290, Val Loss: 0.3380
2024-11-23 11:54:52,292 - INFO - Epoch 25/100, Train Loss: 0.4803, Val Loss: 0.3907
2024-11-23 11:54:59,127 - INFO - Epoch 26/100, Train Loss: 0.5713, Val Loss: 0.5121
2024-11-23 11:55:05,545 - INFO - Epoch 27/100, Train Loss: 0.7670, Val Loss: 0.5022
2024-11-23 11:55:11,620 - INFO - Epoch 28/100, Train Loss: 0.7036, Val Loss: 1.3914
2024-11-23 11:55:17,757 - INFO - Epoch 29/100, Train Loss: 0.7188, Val Loss: 0.4972
2024-11-23 11:55:23,826 - INFO - Epoch 30/100, Train Loss: 0.7127, Val Loss: 0.5752
2024-11-23 11:55:29,904 - INFO - Epoch 31/100, Train Loss: 0.7148, Val Loss: 0.7799
2024-11-23 11:55:36,050 - INFO - Epoch 32/100, Train Loss: 0.7631, Val Loss: 0.5138
2024-11-23 11:55:42,127 - INFO - Epoch 33/100, Train Loss: 0.7329, Val Loss: 0.5213
2024-11-23 11:55:48,831 - INFO - Epoch 34/100, Train Loss: 0.7195, Val Loss: 0.5073
2024-11-23 11:55:55,618 - INFO - Epoch 35/100, Train Loss: 0.7317, Val Loss: 0.5146
2024-11-23 11:56:02,413 - INFO - Epoch 36/100, Train Loss: 0.7096, Val Loss: 0.9735
2024-11-23 11:56:09,196 - INFO - Epoch 37/100, Train Loss: 0.7475, Val Loss: 0.5349
2024-11-23 11:56:15,976 - INFO - Epoch 38/100, Train Loss: 0.7140, Val Loss: 0.5656
2024-11-23 11:56:22,792 - INFO - Epoch 39/100, Train Loss: 0.7246, Val Loss: 0.8768
2024-11-23 11:56:29,642 - INFO - Epoch 40/100, Train Loss: 0.7293, Val Loss: 0.4983
2024-11-23 11:56:36,384 - INFO - Epoch 41/100, Train Loss: 0.7093, Val Loss: 0.4977
2024-11-23 11:56:43,240 - INFO - Epoch 42/100, Train Loss: 0.7185, Val Loss: 1.6275
2024-11-23 11:56:50,110 - INFO - Epoch 43/100, Train Loss: 0.7131, Val Loss: 0.9075
2024-11-23 11:56:56,604 - INFO - Epoch 44/100, Train Loss: 0.7337, Val Loss: 0.5246
2024-11-23 11:57:03,062 - INFO - Epoch 45/100, Train Loss: 0.7027, Val Loss: 0.8420
2024-11-23 11:57:09,521 - INFO - Epoch 46/100, Train Loss: 0.7117, Val Loss: 0.6964
2024-11-23 11:57:15,964 - INFO - Epoch 47/100, Train Loss: 0.7115, Val Loss: 0.7338
2024-11-23 11:57:22,425 - INFO - Epoch 48/100, Train Loss: 0.7260, Val Loss: 0.6639
2024-11-23 11:57:28,881 - INFO - Epoch 49/100, Train Loss: 0.7091, Val Loss: 0.6558
2024-11-23 11:57:35,347 - INFO - Epoch 50/100, Train Loss: 0.7155, Val Loss: 0.6590
2024-11-23 11:57:41,727 - INFO - Epoch 51/100, Train Loss: 0.7403, Val Loss: 0.5750
2024-11-23 11:57:48,224 - INFO - Epoch 52/100, Train Loss: 0.7441, Val Loss: 0.7535
2024-11-23 11:57:54,552 - INFO - Epoch 53/100, Train Loss: 0.7038, Val Loss: 0.5583
2024-11-23 11:58:01,024 - INFO - Epoch 54/100, Train Loss: 0.7173, Val Loss: 0.8059
2024-11-23 11:58:07,435 - INFO - Epoch 55/100, Train Loss: 0.7514, Val Loss: 0.6853
2024-11-23 11:58:13,923 - INFO - Epoch 56/100, Train Loss: 0.7268, Val Loss: 0.5517
2024-11-23 11:58:20,283 - INFO - Epoch 57/100, Train Loss: 0.7258, Val Loss: 0.5085
2024-11-23 11:58:26,760 - INFO - Epoch 58/100, Train Loss: 0.7585, Val Loss: 0.7048
2024-11-23 11:58:33,323 - INFO - Epoch 59/100, Train Loss: 0.7130, Val Loss: 0.5024
2024-11-23 11:58:39,735 - INFO - Epoch 60/100, Train Loss: 0.7297, Val Loss: 0.5656
2024-11-23 11:58:46,215 - INFO - Epoch 61/100, Train Loss: 0.7433, Val Loss: 0.6627
2024-11-23 11:58:52,662 - INFO - Epoch 62/100, Train Loss: 0.7235, Val Loss: 0.7371
2024-11-23 11:58:59,061 - INFO - Epoch 63/100, Train Loss: 0.7207, Val Loss: 0.5372
2024-11-23 11:59:05,535 - INFO - Epoch 64/100, Train Loss: 0.7293, Val Loss: 0.6094
2024-11-23 11:59:11,611 - INFO - Epoch 65/100, Train Loss: 0.7136, Val Loss: 0.5960
2024-11-23 11:59:18,084 - INFO - Epoch 66/100, Train Loss: 0.7393, Val Loss: 0.5234
2024-11-23 11:59:24,542 - INFO - Epoch 67/100, Train Loss: 0.7083, Val Loss: 0.8286
2024-11-23 11:59:30,879 - INFO - Epoch 68/100, Train Loss: 0.7418, Val Loss: 0.5474
2024-11-23 11:59:37,372 - INFO - Epoch 69/100, Train Loss: 0.7039, Val Loss: 0.5049
2024-11-23 11:59:43,845 - INFO - Epoch 70/100, Train Loss: 0.7446, Val Loss: 0.8557
2024-11-23 11:59:50,366 - INFO - Epoch 71/100, Train Loss: 0.7038, Val Loss: 0.5353
2024-11-23 11:59:56,767 - INFO - Epoch 72/100, Train Loss: 0.7168, Val Loss: 0.5549
2024-11-23 12:00:03,215 - INFO - Epoch 73/100, Train Loss: 0.7415, Val Loss: 0.7827
2024-11-23 12:00:09,595 - INFO - Epoch 74/100, Train Loss: 0.7119, Val Loss: 0.5022
2024-11-23 12:00:15,977 - INFO - Epoch 75/100, Train Loss: 0.7341, Val Loss: 0.5539
2024-11-23 12:00:22,389 - INFO - Epoch 76/100, Train Loss: 0.7227, Val Loss: 0.5012
2024-11-23 12:00:28,851 - INFO - Epoch 77/100, Train Loss: 0.7301, Val Loss: 2.6718
2024-11-23 12:00:35,315 - INFO - Epoch 78/100, Train Loss: 0.7318, Val Loss: 0.5580
2024-11-23 12:00:41,671 - INFO - Epoch 79/100, Train Loss: 0.6928, Val Loss: 0.5717
2024-11-23 12:00:48,103 - INFO - Epoch 80/100, Train Loss: 0.7369, Val Loss: 1.3170
2024-11-23 12:00:54,401 - INFO - Epoch 81/100, Train Loss: 0.7195, Val Loss: 0.5024
2024-11-23 12:01:00,949 - INFO - Epoch 82/100, Train Loss: 0.7356, Val Loss: 0.5459
2024-11-23 12:01:07,416 - INFO - Epoch 83/100, Train Loss: 0.7118, Val Loss: 0.7497
2024-11-23 12:01:13,881 - INFO - Epoch 84/100, Train Loss: 0.7328, Val Loss: 0.6075
2024-11-23 12:01:20,312 - INFO - Epoch 85/100, Train Loss: 0.7365, Val Loss: 0.6116
2024-11-23 12:01:26,706 - INFO - Epoch 86/100, Train Loss: 0.7091, Val Loss: 0.5022
2024-11-23 12:01:33,190 - INFO - Epoch 87/100, Train Loss: 0.7441, Val Loss: 0.8745
2024-11-23 12:01:39,637 - INFO - Epoch 88/100, Train Loss: 0.7278, Val Loss: 0.9003
2024-11-23 12:01:46,115 - INFO - Epoch 89/100, Train Loss: 0.7179, Val Loss: 0.6252
2024-11-23 12:01:52,338 - INFO - Epoch 90/100, Train Loss: 0.7465, Val Loss: 0.7675
2024-11-23 12:01:58,786 - INFO - Epoch 91/100, Train Loss: 0.7151, Val Loss: 0.5895
2024-11-23 12:02:05,208 - INFO - Epoch 92/100, Train Loss: 0.7420, Val Loss: 0.8781
2024-11-23 12:02:11,663 - INFO - Epoch 93/100, Train Loss: 0.7050, Val Loss: 0.9983
2024-11-23 12:02:17,980 - INFO - Epoch 94/100, Train Loss: 0.7268, Val Loss: 1.1098
2024-11-23 12:02:24,359 - INFO - Epoch 95/100, Train Loss: 0.7071, Val Loss: 0.5142
2024-11-23 12:02:30,798 - INFO - Epoch 96/100, Train Loss: 0.7279, Val Loss: 0.6867
2024-11-23 12:02:37,058 - INFO - Epoch 97/100, Train Loss: 0.7482, Val Loss: 0.5061
2024-11-23 12:02:43,336 - INFO - Epoch 98/100, Train Loss: 0.7035, Val Loss: 0.6813
2024-11-23 12:02:49,638 - INFO - Epoch 99/100, Train Loss: 0.7409, Val Loss: 0.7058
2024-11-23 12:02:56,067 - INFO - Epoch 100/100, Train Loss: 0.7136, Val Loss: 0.9849
2024-11-23 12:02:57,134 - INFO - Original_RNN Test Loss: 0.9709
2024-11-23 12:02:57,312 - INFO - Loading and preprocessing data...
2024-11-23 12:03:00,298 - INFO - Training Original_RNN with 100 epochs, learning rate 0.001...
2024-11-23 12:03:06,711 - INFO - Epoch 1/100, Train Loss: 0.1574, Val Loss: 0.1276
2024-11-23 12:03:13,081 - INFO - Epoch 2/100, Train Loss: 0.1419, Val Loss: 0.1177
2024-11-23 12:03:19,523 - INFO - Epoch 3/100, Train Loss: 0.1354, Val Loss: 0.1190
2024-11-23 12:03:25,950 - INFO - Epoch 4/100, Train Loss: 0.1320, Val Loss: 0.1191
2024-11-23 12:03:32,437 - INFO - Epoch 5/100, Train Loss: 0.1307, Val Loss: 0.1172
2024-11-23 12:03:38,972 - INFO - Epoch 6/100, Train Loss: 0.1269, Val Loss: 0.1220
2024-11-23 12:03:45,448 - INFO - Epoch 7/100, Train Loss: 0.1240, Val Loss: 0.1186
2024-11-23 12:03:52,032 - INFO - Epoch 8/100, Train Loss: 0.1216, Val Loss: 0.1180
2024-11-23 12:03:58,492 - INFO - Epoch 9/100, Train Loss: 0.1193, Val Loss: 0.1283
2024-11-23 12:04:04,954 - INFO - Epoch 10/100, Train Loss: 0.1186, Val Loss: 0.1223
2024-11-23 12:04:11,491 - INFO - Epoch 11/100, Train Loss: 0.1194, Val Loss: 0.1216
2024-11-23 12:04:17,875 - INFO - Epoch 12/100, Train Loss: 0.1159, Val Loss: 0.1223
2024-11-23 12:04:24,027 - INFO - Epoch 13/100, Train Loss: 0.1137, Val Loss: 0.1298
2024-11-23 12:04:30,211 - INFO - Epoch 14/100, Train Loss: 0.1119, Val Loss: 0.1256
2024-11-23 12:04:36,197 - INFO - Epoch 15/100, Train Loss: 0.1094, Val Loss: 0.1297
2024-11-23 12:04:42,225 - INFO - Epoch 16/100, Train Loss: 0.1125, Val Loss: 0.1321
2024-11-23 12:04:48,431 - INFO - Epoch 17/100, Train Loss: 0.1136, Val Loss: 0.1278
2024-11-23 12:04:54,713 - INFO - Epoch 18/100, Train Loss: 0.1134, Val Loss: 0.1296
2024-11-23 12:05:00,540 - INFO - Epoch 19/100, Train Loss: 0.1095, Val Loss: 0.1315
2024-11-23 12:05:06,673 - INFO - Epoch 20/100, Train Loss: 0.1035, Val Loss: 0.1431
2024-11-23 12:05:13,065 - INFO - Epoch 21/100, Train Loss: 0.1110, Val Loss: 0.1348
2024-11-23 12:05:19,407 - INFO - Epoch 22/100, Train Loss: 0.1024, Val Loss: 0.1320
2024-11-23 12:05:26,343 - INFO - Epoch 23/100, Train Loss: 0.1004, Val Loss: 0.1361
2024-11-23 12:05:33,126 - INFO - Epoch 24/100, Train Loss: 0.0977, Val Loss: 0.1324
2024-11-23 12:05:39,936 - INFO - Epoch 25/100, Train Loss: 0.1137, Val Loss: 0.1323
2024-11-23 12:05:46,693 - INFO - Epoch 26/100, Train Loss: 0.1094, Val Loss: 0.1297
2024-11-23 12:05:53,442 - INFO - Epoch 27/100, Train Loss: 0.0984, Val Loss: 0.1375
2024-11-23 12:06:00,201 - INFO - Epoch 28/100, Train Loss: 0.1094, Val Loss: 0.1309
2024-11-23 12:06:06,910 - INFO - Epoch 29/100, Train Loss: 0.1086, Val Loss: 0.1353
2024-11-23 12:06:13,652 - INFO - Epoch 30/100, Train Loss: 0.1066, Val Loss: 0.1328
2024-11-23 12:06:20,387 - INFO - Epoch 31/100, Train Loss: 0.0991, Val Loss: 0.1374
2024-11-23 12:06:27,180 - INFO - Epoch 32/100, Train Loss: 0.0944, Val Loss: 0.1397
2024-11-23 12:06:33,934 - INFO - Epoch 33/100, Train Loss: 0.1021, Val Loss: 0.1336
2024-11-23 12:06:40,667 - INFO - Epoch 34/100, Train Loss: 0.0981, Val Loss: 0.1352
2024-11-23 12:06:47,402 - INFO - Epoch 35/100, Train Loss: 0.0952, Val Loss: 0.1340
2024-11-23 12:06:54,019 - INFO - Epoch 36/100, Train Loss: 0.1052, Val Loss: 0.1349
2024-11-23 12:07:00,596 - INFO - Epoch 37/100, Train Loss: 0.1027, Val Loss: 0.1421
2024-11-23 12:07:07,259 - INFO - Epoch 38/100, Train Loss: 0.1200, Val Loss: 0.1375
2024-11-23 12:07:14,007 - INFO - Epoch 39/100, Train Loss: 0.1122, Val Loss: 0.1385
2024-11-23 12:07:20,413 - INFO - Epoch 40/100, Train Loss: 0.1224, Val Loss: 0.1271
2024-11-23 12:07:26,754 - INFO - Epoch 41/100, Train Loss: 0.1326, Val Loss: 0.1286
2024-11-23 12:07:33,230 - INFO - Epoch 42/100, Train Loss: 0.1287, Val Loss: 0.1239
2024-11-23 12:07:39,542 - INFO - Epoch 43/100, Train Loss: 0.1246, Val Loss: 0.1260
2024-11-23 12:07:45,826 - INFO - Epoch 44/100, Train Loss: 0.1270, Val Loss: 0.1252
2024-11-23 12:07:52,226 - INFO - Epoch 45/100, Train Loss: 0.1293, Val Loss: 0.1261
2024-11-23 12:07:58,483 - INFO - Epoch 46/100, Train Loss: 0.1233, Val Loss: 0.1262
2024-11-23 12:08:04,913 - INFO - Epoch 47/100, Train Loss: 0.1230, Val Loss: 0.1250
2024-11-23 12:08:11,474 - INFO - Epoch 48/100, Train Loss: 0.1241, Val Loss: 0.1320
2024-11-23 12:08:17,849 - INFO - Epoch 49/100, Train Loss: 0.1252, Val Loss: 0.1257
2024-11-23 12:08:24,293 - INFO - Epoch 50/100, Train Loss: 0.1207, Val Loss: 0.1403
2024-11-23 12:08:30,703 - INFO - Epoch 51/100, Train Loss: 0.1218, Val Loss: 0.1280
2024-11-23 12:08:37,209 - INFO - Epoch 52/100, Train Loss: 0.1214, Val Loss: 0.1302
2024-11-23 12:08:43,468 - INFO - Epoch 53/100, Train Loss: 0.1191, Val Loss: 0.1251
2024-11-23 12:08:50,025 - INFO - Epoch 54/100, Train Loss: 0.1187, Val Loss: 0.1290
2024-11-23 12:08:56,504 - INFO - Epoch 55/100, Train Loss: 0.1221, Val Loss: 0.1306
2024-11-23 12:09:03,077 - INFO - Epoch 56/100, Train Loss: 0.1167, Val Loss: 0.1279
2024-11-23 12:09:09,589 - INFO - Epoch 57/100, Train Loss: 0.1293, Val Loss: 0.1274
2024-11-23 12:09:15,877 - INFO - Epoch 58/100, Train Loss: 0.1223, Val Loss: 0.1301
2024-11-23 12:09:22,426 - INFO - Epoch 59/100, Train Loss: 0.1194, Val Loss: 0.1278
2024-11-23 12:09:28,496 - INFO - Epoch 60/100, Train Loss: 0.1165, Val Loss: 0.1275
2024-11-23 12:09:34,836 - INFO - Epoch 61/100, Train Loss: 0.1124, Val Loss: 0.1333
2024-11-23 12:09:37,831 - INFO - Epoch 62/100, Train Loss: 0.1222, Val Loss: 0.1288
2024-11-23 12:09:40,827 - INFO - Epoch 63/100, Train Loss: 0.1303, Val Loss: 0.1255
2024-11-23 12:09:43,847 - INFO - Epoch 64/100, Train Loss: 0.1227, Val Loss: 0.1298
2024-11-23 12:09:46,860 - INFO - Epoch 65/100, Train Loss: 0.1300, Val Loss: 0.1297
2024-11-23 12:09:49,845 - INFO - Epoch 66/100, Train Loss: 0.1348, Val Loss: 0.1270
2024-11-23 12:09:52,831 - INFO - Epoch 67/100, Train Loss: 0.1285, Val Loss: 0.1269
2024-11-23 12:09:55,813 - INFO - Epoch 68/100, Train Loss: 0.1243, Val Loss: 0.1254
2024-11-23 12:09:58,797 - INFO - Epoch 69/100, Train Loss: 0.1220, Val Loss: 0.1262
2024-11-23 12:10:04,279 - INFO - Epoch 70/100, Train Loss: 0.1235, Val Loss: 0.1251
2024-11-23 12:10:10,741 - INFO - Epoch 71/100, Train Loss: 0.1241, Val Loss: 0.1305
2024-11-23 12:10:17,296 - INFO - Epoch 72/100, Train Loss: 0.1182, Val Loss: 0.1366
2024-11-23 12:10:23,411 - INFO - Epoch 73/100, Train Loss: 0.1181, Val Loss: 0.1297
2024-11-23 12:10:26,501 - INFO - Epoch 74/100, Train Loss: 0.1186, Val Loss: 0.1314
2024-11-23 12:10:29,606 - INFO - Epoch 75/100, Train Loss: 0.1150, Val Loss: 0.1302
2024-11-23 12:10:32,635 - INFO - Epoch 76/100, Train Loss: 0.1187, Val Loss: 0.1308
2024-11-23 12:10:35,629 - INFO - Epoch 77/100, Train Loss: 0.1133, Val Loss: 0.1313
2024-11-23 12:10:38,593 - INFO - Epoch 78/100, Train Loss: 0.1163, Val Loss: 0.1289
2024-11-23 12:10:41,555 - INFO - Epoch 79/100, Train Loss: 0.1156, Val Loss: 0.1290
2024-11-23 12:10:44,564 - INFO - Epoch 80/100, Train Loss: 0.1123, Val Loss: 0.1306
2024-11-23 12:10:47,535 - INFO - Epoch 81/100, Train Loss: 0.1102, Val Loss: 0.1374
2024-11-23 12:10:50,498 - INFO - Epoch 82/100, Train Loss: 0.1131, Val Loss: 0.1331
2024-11-23 12:10:53,487 - INFO - Epoch 83/100, Train Loss: 0.1088, Val Loss: 0.1346
2024-11-23 12:10:56,468 - INFO - Epoch 84/100, Train Loss: 0.1122, Val Loss: 0.1330
2024-11-23 12:10:59,431 - INFO - Epoch 85/100, Train Loss: 0.1196, Val Loss: 0.1394
2024-11-23 12:11:02,399 - INFO - Epoch 86/100, Train Loss: 0.1173, Val Loss: 0.1340
2024-11-23 12:11:05,364 - INFO - Epoch 87/100, Train Loss: 0.1245, Val Loss: 0.1309
2024-11-23 12:11:08,328 - INFO - Epoch 88/100, Train Loss: 0.1170, Val Loss: 0.1354
2024-11-23 12:11:11,295 - INFO - Epoch 89/100, Train Loss: 0.1146, Val Loss: 0.1324
2024-11-23 12:11:14,258 - INFO - Epoch 90/100, Train Loss: 0.1201, Val Loss: 0.1342
2024-11-23 12:11:17,223 - INFO - Epoch 91/100, Train Loss: 0.1246, Val Loss: 0.1277
2024-11-23 12:11:21,296 - INFO - Epoch 92/100, Train Loss: 0.1173, Val Loss: 0.1315
2024-11-23 12:11:27,728 - INFO - Epoch 93/100, Train Loss: 0.1177, Val Loss: 0.1312
2024-11-23 12:11:33,888 - INFO - Epoch 94/100, Train Loss: 0.1164, Val Loss: 0.1291
2024-11-23 12:11:40,365 - INFO - Epoch 95/100, Train Loss: 0.1240, Val Loss: 0.1278
2024-11-23 12:11:46,667 - INFO - Epoch 96/100, Train Loss: 0.1200, Val Loss: 0.1271
2024-11-23 12:11:53,109 - INFO - Epoch 97/100, Train Loss: 0.1225, Val Loss: 0.1261
2024-11-23 12:11:59,614 - INFO - Epoch 98/100, Train Loss: 0.1194, Val Loss: 0.1295
2024-11-23 12:12:05,906 - INFO - Epoch 99/100, Train Loss: 0.1157, Val Loss: 0.1308
2024-11-23 12:12:12,411 - INFO - Epoch 100/100, Train Loss: 0.1128, Val Loss: 0.1280
2024-11-23 12:12:13,495 - INFO - Original_RNN Test Loss: 0.1449
2024-11-23 12:12:13,676 - INFO - Loading and preprocessing data...
2024-11-23 12:12:16,671 - INFO - Training Original_RNN with 100 epochs, learning rate 1e-06...
2024-11-23 12:12:22,895 - INFO - Epoch 1/100, Train Loss: 0.7659, Val Loss: 0.5722
2024-11-23 12:12:28,930 - INFO - Epoch 2/100, Train Loss: 0.6573, Val Loss: 0.4795
2024-11-23 12:12:35,036 - INFO - Epoch 3/100, Train Loss: 0.5549, Val Loss: 0.3943
2024-11-23 12:12:41,524 - INFO - Epoch 4/100, Train Loss: 0.4625, Val Loss: 0.3205
2024-11-23 12:12:47,982 - INFO - Epoch 5/100, Train Loss: 0.3846, Val Loss: 0.2621
2024-11-23 12:12:54,468 - INFO - Epoch 6/100, Train Loss: 0.3244, Val Loss: 0.2215
2024-11-23 12:13:01,094 - INFO - Epoch 7/100, Train Loss: 0.2829, Val Loss: 0.1971
2024-11-23 12:13:07,614 - INFO - Epoch 8/100, Train Loss: 0.2572, Val Loss: 0.1845
2024-11-23 12:13:14,122 - INFO - Epoch 9/100, Train Loss: 0.2424, Val Loss: 0.1781
2024-11-23 12:13:20,538 - INFO - Epoch 10/100, Train Loss: 0.2330, Val Loss: 0.1736
2024-11-23 12:13:26,915 - INFO - Epoch 11/100, Train Loss: 0.2255, Val Loss: 0.1695
2024-11-23 12:13:33,406 - INFO - Epoch 12/100, Train Loss: 0.2191, Val Loss: 0.1657
2024-11-23 12:13:39,810 - INFO - Epoch 13/100, Train Loss: 0.2134, Val Loss: 0.1619
2024-11-23 12:13:46,123 - INFO - Epoch 14/100, Train Loss: 0.2084, Val Loss: 0.1587
2024-11-23 12:13:52,403 - INFO - Epoch 15/100, Train Loss: 0.2038, Val Loss: 0.1558
2024-11-23 12:13:58,959 - INFO - Epoch 16/100, Train Loss: 0.1994, Val Loss: 0.1531
2024-11-23 12:14:04,288 - INFO - Epoch 17/100, Train Loss: 0.1957, Val Loss: 0.1507
2024-11-23 12:14:07,269 - INFO - Epoch 18/100, Train Loss: 0.1922, Val Loss: 0.1486
2024-11-23 12:14:10,299 - INFO - Epoch 19/100, Train Loss: 0.1892, Val Loss: 0.1465
2024-11-23 12:14:16,761 - INFO - Epoch 20/100, Train Loss: 0.1864, Val Loss: 0.1448
2024-11-23 12:14:23,117 - INFO - Epoch 21/100, Train Loss: 0.1838, Val Loss: 0.1435
2024-11-23 12:14:29,478 - INFO - Epoch 22/100, Train Loss: 0.1816, Val Loss: 0.1421
2024-11-23 12:14:35,952 - INFO - Epoch 23/100, Train Loss: 0.1796, Val Loss: 0.1409
2024-11-23 12:14:42,301 - INFO - Epoch 24/100, Train Loss: 0.1776, Val Loss: 0.1399
2024-11-23 12:14:48,587 - INFO - Epoch 25/100, Train Loss: 0.1759, Val Loss: 0.1388
2024-11-23 12:14:54,855 - INFO - Epoch 26/100, Train Loss: 0.1744, Val Loss: 0.1380
2024-11-23 12:15:01,213 - INFO - Epoch 27/100, Train Loss: 0.1730, Val Loss: 0.1374
2024-11-23 12:15:07,565 - INFO - Epoch 28/100, Train Loss: 0.1716, Val Loss: 0.1366
2024-11-23 12:15:14,058 - INFO - Epoch 29/100, Train Loss: 0.1703, Val Loss: 0.1360
2024-11-23 12:15:20,428 - INFO - Epoch 30/100, Train Loss: 0.1692, Val Loss: 0.1354
2024-11-23 12:15:26,832 - INFO - Epoch 31/100, Train Loss: 0.1681, Val Loss: 0.1349
2024-11-23 12:15:33,074 - INFO - Epoch 32/100, Train Loss: 0.1672, Val Loss: 0.1344
2024-11-23 12:15:39,489 - INFO - Epoch 33/100, Train Loss: 0.1662, Val Loss: 0.1340
2024-11-23 12:15:45,915 - INFO - Epoch 34/100, Train Loss: 0.1655, Val Loss: 0.1336
2024-11-23 12:15:52,259 - INFO - Epoch 35/100, Train Loss: 0.1646, Val Loss: 0.1332
2024-11-23 12:15:58,678 - INFO - Epoch 36/100, Train Loss: 0.1639, Val Loss: 0.1328
2024-11-23 12:16:04,849 - INFO - Epoch 37/100, Train Loss: 0.1632, Val Loss: 0.1325
2024-11-23 12:16:11,153 - INFO - Epoch 38/100, Train Loss: 0.1625, Val Loss: 0.1322
2024-11-23 12:16:17,526 - INFO - Epoch 39/100, Train Loss: 0.1619, Val Loss: 0.1320
2024-11-23 12:16:23,545 - INFO - Epoch 40/100, Train Loss: 0.1613, Val Loss: 0.1318
2024-11-23 12:16:29,835 - INFO - Epoch 41/100, Train Loss: 0.1607, Val Loss: 0.1315
2024-11-23 12:16:35,907 - INFO - Epoch 42/100, Train Loss: 0.1604, Val Loss: 0.1313
2024-11-23 12:16:42,100 - INFO - Epoch 43/100, Train Loss: 0.1598, Val Loss: 0.1310
2024-11-23 12:16:48,390 - INFO - Epoch 44/100, Train Loss: 0.1593, Val Loss: 0.1309
2024-11-23 12:16:54,563 - INFO - Epoch 45/100, Train Loss: 0.1589, Val Loss: 0.1307
2024-11-23 12:17:00,874 - INFO - Epoch 46/100, Train Loss: 0.1586, Val Loss: 0.1306
2024-11-23 12:17:07,028 - INFO - Epoch 47/100, Train Loss: 0.1582, Val Loss: 0.1304
2024-11-23 12:17:13,380 - INFO - Epoch 48/100, Train Loss: 0.1578, Val Loss: 0.1303
2024-11-23 12:17:19,635 - INFO - Epoch 49/100, Train Loss: 0.1575, Val Loss: 0.1302
2024-11-23 12:17:25,879 - INFO - Epoch 50/100, Train Loss: 0.1572, Val Loss: 0.1300
2024-11-23 12:17:31,913 - INFO - Epoch 51/100, Train Loss: 0.1570, Val Loss: 0.1300
2024-11-23 12:17:38,179 - INFO - Epoch 52/100, Train Loss: 0.1567, Val Loss: 0.1298
2024-11-23 12:17:44,286 - INFO - Epoch 53/100, Train Loss: 0.1564, Val Loss: 0.1296
2024-11-23 12:17:50,549 - INFO - Epoch 54/100, Train Loss: 0.1562, Val Loss: 0.1297
2024-11-23 12:17:56,809 - INFO - Epoch 55/100, Train Loss: 0.1560, Val Loss: 0.1295
2024-11-23 12:18:03,116 - INFO - Epoch 56/100, Train Loss: 0.1557, Val Loss: 0.1294
2024-11-23 12:18:09,479 - INFO - Epoch 57/100, Train Loss: 0.1555, Val Loss: 0.1294
2024-11-23 12:18:15,669 - INFO - Epoch 58/100, Train Loss: 0.1553, Val Loss: 0.1292
2024-11-23 12:18:22,086 - INFO - Epoch 59/100, Train Loss: 0.1551, Val Loss: 0.1292
2024-11-23 12:18:28,430 - INFO - Epoch 60/100, Train Loss: 0.1550, Val Loss: 0.1291
2024-11-23 12:18:34,498 - INFO - Epoch 61/100, Train Loss: 0.1548, Val Loss: 0.1290
2024-11-23 12:18:40,408 - INFO - Epoch 62/100, Train Loss: 0.1546, Val Loss: 0.1290
2024-11-23 12:18:46,613 - INFO - Epoch 63/100, Train Loss: 0.1545, Val Loss: 0.1289
2024-11-23 12:18:52,814 - INFO - Epoch 64/100, Train Loss: 0.1543, Val Loss: 0.1288
2024-11-23 12:18:58,380 - INFO - Epoch 65/100, Train Loss: 0.1541, Val Loss: 0.1287
2024-11-23 12:19:04,667 - INFO - Epoch 66/100, Train Loss: 0.1539, Val Loss: 0.1287
2024-11-23 12:19:11,103 - INFO - Epoch 67/100, Train Loss: 0.1539, Val Loss: 0.1286
2024-11-23 12:19:17,287 - INFO - Epoch 68/100, Train Loss: 0.1537, Val Loss: 0.1285
2024-11-23 12:19:23,466 - INFO - Epoch 69/100, Train Loss: 0.1536, Val Loss: 0.1285
2024-11-23 12:19:29,830 - INFO - Epoch 70/100, Train Loss: 0.1535, Val Loss: 0.1285
2024-11-23 12:19:35,713 - INFO - Epoch 71/100, Train Loss: 0.1533, Val Loss: 0.1285
2024-11-23 12:19:41,895 - INFO - Epoch 72/100, Train Loss: 0.1532, Val Loss: 0.1284
2024-11-23 12:19:47,766 - INFO - Epoch 73/100, Train Loss: 0.1532, Val Loss: 0.1284
2024-11-23 12:19:53,921 - INFO - Epoch 74/100, Train Loss: 0.1530, Val Loss: 0.1283
2024-11-23 12:20:00,129 - INFO - Epoch 75/100, Train Loss: 0.1528, Val Loss: 0.1282
2024-11-23 12:20:06,170 - INFO - Epoch 76/100, Train Loss: 0.1528, Val Loss: 0.1282
2024-11-23 12:20:11,933 - INFO - Epoch 77/100, Train Loss: 0.1526, Val Loss: 0.1281
2024-11-23 12:20:17,649 - INFO - Epoch 78/100, Train Loss: 0.1526, Val Loss: 0.1281
2024-11-23 12:20:23,509 - INFO - Epoch 79/100, Train Loss: 0.1525, Val Loss: 0.1280
2024-11-23 12:20:29,403 - INFO - Epoch 80/100, Train Loss: 0.1523, Val Loss: 0.1280
2024-11-23 12:20:35,255 - INFO - Epoch 81/100, Train Loss: 0.1522, Val Loss: 0.1280
2024-11-23 12:20:41,401 - INFO - Epoch 82/100, Train Loss: 0.1522, Val Loss: 0.1279
2024-11-23 12:20:47,777 - INFO - Epoch 83/100, Train Loss: 0.1520, Val Loss: 0.1279
2024-11-23 12:20:54,151 - INFO - Epoch 84/100, Train Loss: 0.1519, Val Loss: 0.1279
2024-11-23 12:20:59,971 - INFO - Epoch 85/100, Train Loss: 0.1518, Val Loss: 0.1278
2024-11-23 12:21:06,250 - INFO - Epoch 86/100, Train Loss: 0.1516, Val Loss: 0.1277
2024-11-23 12:21:12,385 - INFO - Epoch 87/100, Train Loss: 0.1516, Val Loss: 0.1277
2024-11-23 12:21:18,797 - INFO - Epoch 88/100, Train Loss: 0.1515, Val Loss: 0.1276
2024-11-23 12:21:25,171 - INFO - Epoch 89/100, Train Loss: 0.1516, Val Loss: 0.1276
2024-11-23 12:21:31,435 - INFO - Epoch 90/100, Train Loss: 0.1513, Val Loss: 0.1275
2024-11-23 12:21:36,170 - INFO - Epoch 91/100, Train Loss: 0.1513, Val Loss: 0.1275
2024-11-23 12:21:42,336 - INFO - Epoch 92/100, Train Loss: 0.1512, Val Loss: 0.1275
2024-11-23 12:21:48,596 - INFO - Epoch 93/100, Train Loss: 0.1511, Val Loss: 0.1275
2024-11-23 12:21:54,775 - INFO - Epoch 94/100, Train Loss: 0.1509, Val Loss: 0.1274
2024-11-23 12:22:00,925 - INFO - Epoch 95/100, Train Loss: 0.1509, Val Loss: 0.1273
2024-11-23 12:22:07,229 - INFO - Epoch 96/100, Train Loss: 0.1509, Val Loss: 0.1273
2024-11-23 12:22:13,589 - INFO - Epoch 97/100, Train Loss: 0.1510, Val Loss: 0.1273
2024-11-23 12:22:19,963 - INFO - Epoch 98/100, Train Loss: 0.1508, Val Loss: 0.1273
2024-11-23 12:22:26,325 - INFO - Epoch 99/100, Train Loss: 0.1507, Val Loss: 0.1272
2024-11-23 12:22:32,682 - INFO - Epoch 100/100, Train Loss: 0.1505, Val Loss: 0.1272
2024-11-23 12:22:33,748 - INFO - Original_RNN Test Loss: 0.1468
2024-11-23 12:22:33,928 - INFO - 不同深度对比实验
2024-11-23 12:22:33,929 - INFO - Loading and preprocessing data...
2024-11-23 12:22:36,876 - INFO - Training Original_RNN with 100 epochs, learning rate 0.001...
2024-11-23 12:22:43,291 - INFO - Epoch 1/100, Train Loss: 0.1571, Val Loss: 0.1297
2024-11-23 12:22:49,892 - INFO - Epoch 2/100, Train Loss: 0.1395, Val Loss: 0.1248
2024-11-23 12:22:55,998 - INFO - Epoch 3/100, Train Loss: 0.1353, Val Loss: 0.1250
2024-11-23 12:23:02,551 - INFO - Epoch 4/100, Train Loss: 0.1304, Val Loss: 0.1270
2024-11-23 12:23:08,988 - INFO - Epoch 5/100, Train Loss: 0.1275, Val Loss: 0.1207
2024-11-23 12:23:15,391 - INFO - Epoch 6/100, Train Loss: 0.1233, Val Loss: 0.1226
2024-11-23 12:23:21,485 - INFO - Epoch 7/100, Train Loss: 0.1214, Val Loss: 0.1230
2024-11-23 12:23:27,749 - INFO - Epoch 8/100, Train Loss: 0.1181, Val Loss: 0.1262
2024-11-23 12:23:33,968 - INFO - Epoch 9/100, Train Loss: 0.1141, Val Loss: 0.1231
2024-11-23 12:23:40,393 - INFO - Epoch 10/100, Train Loss: 0.1121, Val Loss: 0.1247
2024-11-23 12:23:46,879 - INFO - Epoch 11/100, Train Loss: 0.1110, Val Loss: 0.1261
2024-11-23 12:23:53,378 - INFO - Epoch 12/100, Train Loss: 0.1066, Val Loss: 0.1324
2024-11-23 12:23:59,851 - INFO - Epoch 13/100, Train Loss: 0.1051, Val Loss: 0.1288
2024-11-23 12:24:06,164 - INFO - Epoch 14/100, Train Loss: 0.1185, Val Loss: 0.1310
2024-11-23 12:24:12,480 - INFO - Epoch 15/100, Train Loss: 0.1077, Val Loss: 0.1321
2024-11-23 12:24:18,977 - INFO - Epoch 16/100, Train Loss: 0.1064, Val Loss: 0.1331
2024-11-23 12:24:25,462 - INFO - Epoch 17/100, Train Loss: 0.1017, Val Loss: 0.1274
2024-11-23 12:24:32,089 - INFO - Epoch 18/100, Train Loss: 0.0982, Val Loss: 0.1330
2024-11-23 12:24:38,593 - INFO - Epoch 19/100, Train Loss: 0.1073, Val Loss: 0.1300
2024-11-23 12:24:44,904 - INFO - Epoch 20/100, Train Loss: 0.1028, Val Loss: 0.1322
2024-11-23 12:24:51,391 - INFO - Epoch 21/100, Train Loss: 0.0956, Val Loss: 0.1375
2024-11-23 12:24:57,858 - INFO - Epoch 22/100, Train Loss: 0.0924, Val Loss: 0.1392
2024-11-23 12:25:04,352 - INFO - Epoch 23/100, Train Loss: 0.0923, Val Loss: 0.1349
2024-11-23 12:25:10,796 - INFO - Epoch 24/100, Train Loss: 0.1026, Val Loss: 0.1429
2024-11-23 12:25:17,170 - INFO - Epoch 25/100, Train Loss: 0.0957, Val Loss: 0.1353
2024-11-23 12:25:23,671 - INFO - Epoch 26/100, Train Loss: 0.0895, Val Loss: 0.1361
2024-11-23 12:25:30,100 - INFO - Epoch 27/100, Train Loss: 0.1069, Val Loss: 0.1318
2024-11-23 12:25:36,597 - INFO - Epoch 28/100, Train Loss: 0.1014, Val Loss: 0.1307
2024-11-23 12:25:43,189 - INFO - Epoch 29/100, Train Loss: 0.0881, Val Loss: 0.1379
2024-11-23 12:25:49,489 - INFO - Epoch 30/100, Train Loss: 0.0986, Val Loss: 0.1364
2024-11-23 12:25:55,955 - INFO - Epoch 31/100, Train Loss: 0.0988, Val Loss: 0.1407
2024-11-23 12:26:02,485 - INFO - Epoch 32/100, Train Loss: 0.0924, Val Loss: 0.1592
2024-11-23 12:26:08,973 - INFO - Epoch 33/100, Train Loss: 0.1072, Val Loss: 0.1328
2024-11-23 12:26:15,451 - INFO - Epoch 34/100, Train Loss: 0.0940, Val Loss: 0.1340
2024-11-23 12:26:21,867 - INFO - Epoch 35/100, Train Loss: 0.0951, Val Loss: 0.1337
2024-11-23 12:26:27,961 - INFO - Epoch 36/100, Train Loss: 0.0871, Val Loss: 0.1407
2024-11-23 12:26:34,345 - INFO - Epoch 37/100, Train Loss: 0.0856, Val Loss: 0.1358
2024-11-23 12:26:40,812 - INFO - Epoch 38/100, Train Loss: 0.0993, Val Loss: 0.1445
2024-11-23 12:26:47,117 - INFO - Epoch 39/100, Train Loss: 0.0960, Val Loss: 0.1385
2024-11-23 12:26:53,656 - INFO - Epoch 40/100, Train Loss: 0.0875, Val Loss: 0.1467
2024-11-23 12:26:59,779 - INFO - Epoch 41/100, Train Loss: 0.0972, Val Loss: 0.1437
2024-11-23 12:27:06,161 - INFO - Epoch 42/100, Train Loss: 0.0938, Val Loss: 0.1409
2024-11-23 12:27:12,549 - INFO - Epoch 43/100, Train Loss: 0.0949, Val Loss: 0.1401
2024-11-23 12:27:19,018 - INFO - Epoch 44/100, Train Loss: 0.0891, Val Loss: 0.1398
2024-11-23 12:27:25,242 - INFO - Epoch 45/100, Train Loss: 0.1198, Val Loss: 0.1362
2024-11-23 12:27:31,726 - INFO - Epoch 46/100, Train Loss: 0.1251, Val Loss: 0.1339
2024-11-23 12:27:38,201 - INFO - Epoch 47/100, Train Loss: 0.1157, Val Loss: 0.1306
2024-11-23 12:27:44,686 - INFO - Epoch 48/100, Train Loss: 0.1182, Val Loss: 0.1288
2024-11-23 12:27:51,150 - INFO - Epoch 49/100, Train Loss: 0.1219, Val Loss: 0.1293
2024-11-23 12:27:57,659 - INFO - Epoch 50/100, Train Loss: 0.1118, Val Loss: 0.1343
2024-11-23 12:28:04,148 - INFO - Epoch 51/100, Train Loss: 0.1147, Val Loss: 0.1274
2024-11-23 12:28:10,536 - INFO - Epoch 52/100, Train Loss: 0.1075, Val Loss: 0.1332
2024-11-23 12:28:16,472 - INFO - Epoch 53/100, Train Loss: 0.1028, Val Loss: 0.1340
2024-11-23 12:28:22,737 - INFO - Epoch 54/100, Train Loss: 0.1061, Val Loss: 0.1314
2024-11-23 12:28:29,026 - INFO - Epoch 55/100, Train Loss: 0.1082, Val Loss: 0.1337
2024-11-23 12:28:35,150 - INFO - Epoch 56/100, Train Loss: 0.1126, Val Loss: 0.1325
2024-11-23 12:28:41,600 - INFO - Epoch 57/100, Train Loss: 0.1100, Val Loss: 0.1346
2024-11-23 12:28:48,132 - INFO - Epoch 58/100, Train Loss: 0.1021, Val Loss: 0.1358
2024-11-23 12:28:54,532 - INFO - Epoch 59/100, Train Loss: 0.1064, Val Loss: 0.1311
2024-11-23 12:29:00,908 - INFO - Epoch 60/100, Train Loss: 0.1136, Val Loss: 0.1339
2024-11-23 12:29:07,173 - INFO - Epoch 61/100, Train Loss: 0.1071, Val Loss: 0.1360
2024-11-23 12:29:13,484 - INFO - Epoch 62/100, Train Loss: 0.1007, Val Loss: 0.1500
2024-11-23 12:29:19,554 - INFO - Epoch 63/100, Train Loss: 0.0989, Val Loss: 0.1371
2024-11-23 12:29:26,027 - INFO - Epoch 64/100, Train Loss: 0.0956, Val Loss: 0.1419
2024-11-23 12:29:32,369 - INFO - Epoch 65/100, Train Loss: 0.1050, Val Loss: 0.1343
2024-11-23 12:29:38,852 - INFO - Epoch 66/100, Train Loss: 0.1013, Val Loss: 0.1303
2024-11-23 12:29:45,150 - INFO - Epoch 67/100, Train Loss: 0.1043, Val Loss: 0.1344
2024-11-23 12:29:51,606 - INFO - Epoch 68/100, Train Loss: 0.0983, Val Loss: 0.1406
2024-11-23 12:29:58,156 - INFO - Epoch 69/100, Train Loss: 0.1091, Val Loss: 0.1361
2024-11-23 12:30:04,643 - INFO - Epoch 70/100, Train Loss: 0.1159, Val Loss: 0.1412
2024-11-23 12:30:10,951 - INFO - Epoch 71/100, Train Loss: 0.1068, Val Loss: 0.1400
2024-11-23 12:30:17,124 - INFO - Epoch 72/100, Train Loss: 0.0991, Val Loss: 0.1377
2024-11-23 12:30:23,431 - INFO - Epoch 73/100, Train Loss: 0.0998, Val Loss: 0.1406
2024-11-23 12:30:29,820 - INFO - Epoch 74/100, Train Loss: 0.0995, Val Loss: 0.1610
2024-11-23 12:30:36,305 - INFO - Epoch 75/100, Train Loss: 0.1084, Val Loss: 0.1393
2024-11-23 12:30:42,775 - INFO - Epoch 76/100, Train Loss: 0.1002, Val Loss: 0.1372
2024-11-23 12:30:49,218 - INFO - Epoch 77/100, Train Loss: 0.1062, Val Loss: 0.1355
2024-11-23 12:30:55,498 - INFO - Epoch 78/100, Train Loss: 0.1105, Val Loss: 0.1340
2024-11-23 12:31:01,986 - INFO - Epoch 79/100, Train Loss: 0.1061, Val Loss: 0.1412
2024-11-23 12:31:08,497 - INFO - Epoch 80/100, Train Loss: 0.1054, Val Loss: 0.1338
2024-11-23 12:31:14,967 - INFO - Epoch 81/100, Train Loss: 0.1002, Val Loss: 0.1411
2024-11-23 12:31:21,524 - INFO - Epoch 82/100, Train Loss: 0.0958, Val Loss: 0.1397
2024-11-23 12:31:27,975 - INFO - Epoch 83/100, Train Loss: 0.1075, Val Loss: 0.1345
2024-11-23 12:31:34,433 - INFO - Epoch 84/100, Train Loss: 0.1215, Val Loss: 0.1327
2024-11-23 12:31:40,925 - INFO - Epoch 85/100, Train Loss: 0.1228, Val Loss: 0.1348
2024-11-23 12:31:47,404 - INFO - Epoch 86/100, Train Loss: 0.1230, Val Loss: 0.1277
2024-11-23 12:31:53,796 - INFO - Epoch 87/100, Train Loss: 0.1161, Val Loss: 0.1283
2024-11-23 12:32:00,256 - INFO - Epoch 88/100, Train Loss: 0.1076, Val Loss: 0.1331
2024-11-23 12:32:06,741 - INFO - Epoch 89/100, Train Loss: 0.1166, Val Loss: 0.1267
2024-11-23 12:32:13,247 - INFO - Epoch 90/100, Train Loss: 0.1097, Val Loss: 0.1418
2024-11-23 12:32:19,730 - INFO - Epoch 91/100, Train Loss: 0.1044, Val Loss: 0.1343
2024-11-23 12:32:26,269 - INFO - Epoch 92/100, Train Loss: 0.1110, Val Loss: 0.1318
2024-11-23 12:32:32,749 - INFO - Epoch 93/100, Train Loss: 0.1189, Val Loss: 0.1339
2024-11-23 12:32:39,230 - INFO - Epoch 94/100, Train Loss: 0.1074, Val Loss: 0.1318
2024-11-23 12:32:45,769 - INFO - Epoch 95/100, Train Loss: 0.1120, Val Loss: 0.1308
2024-11-23 12:32:52,280 - INFO - Epoch 96/100, Train Loss: 0.1126, Val Loss: 0.1373
2024-11-23 12:32:58,523 - INFO - Epoch 97/100, Train Loss: 0.1096, Val Loss: 0.1365
2024-11-23 12:33:04,924 - INFO - Epoch 98/100, Train Loss: 0.1124, Val Loss: 0.1341
2024-11-23 12:33:11,090 - INFO - Epoch 99/100, Train Loss: 0.1130, Val Loss: 0.1341
2024-11-23 12:33:17,573 - INFO - Epoch 100/100, Train Loss: 0.1088, Val Loss: 0.1367
2024-11-23 12:33:18,640 - INFO - Original_RNN Test Loss: 0.1567
2024-11-23 12:33:18,830 - INFO - Loading and preprocessing data...
2024-11-23 12:33:21,795 - INFO - Training Deepened_RNN with 100 epochs, learning rate 0.001...
2024-11-23 12:33:34,173 - INFO - Epoch 1/100, Train Loss: 0.3781, Val Loss: 0.2547
2024-11-23 12:33:47,837 - INFO - Epoch 2/100, Train Loss: 0.2072, Val Loss: 0.1403
2024-11-23 12:34:01,151 - INFO - Epoch 3/100, Train Loss: 0.1625, Val Loss: 0.1349
2024-11-23 12:34:13,865 - INFO - Epoch 4/100, Train Loss: 0.1575, Val Loss: 0.1395
2024-11-23 12:34:26,338 - INFO - Epoch 5/100, Train Loss: 0.1464, Val Loss: 0.1287
2024-11-23 12:34:39,066 - INFO - Epoch 6/100, Train Loss: 0.1431, Val Loss: 0.1195
2024-11-23 12:34:52,163 - INFO - Epoch 7/100, Train Loss: 0.1424, Val Loss: 0.1399
2024-11-23 12:35:04,835 - INFO - Epoch 8/100, Train Loss: 0.1407, Val Loss: 0.1262
2024-11-23 12:35:17,591 - INFO - Epoch 9/100, Train Loss: 0.1743, Val Loss: 0.1473
2024-11-23 12:35:30,102 - INFO - Epoch 10/100, Train Loss: 0.1692, Val Loss: 0.1420
2024-11-23 12:35:42,465 - INFO - Epoch 11/100, Train Loss: 0.1477, Val Loss: 0.1383
2024-11-23 12:35:55,477 - INFO - Epoch 12/100, Train Loss: 0.1454, Val Loss: 0.1370
2024-11-23 12:36:08,133 - INFO - Epoch 13/100, Train Loss: 0.1476, Val Loss: 0.1462
2024-11-23 12:36:20,940 - INFO - Epoch 14/100, Train Loss: 0.1434, Val Loss: 0.1434
2024-11-23 12:36:33,361 - INFO - Epoch 15/100, Train Loss: 0.1424, Val Loss: 0.1299
2024-11-23 12:36:45,166 - INFO - Epoch 16/100, Train Loss: 0.1384, Val Loss: 0.1377
2024-11-23 12:36:57,542 - INFO - Epoch 17/100, Train Loss: 0.1394, Val Loss: 0.1266
2024-11-23 12:37:09,947 - INFO - Epoch 18/100, Train Loss: 0.1413, Val Loss: 0.1334
2024-11-23 12:37:23,102 - INFO - Epoch 19/100, Train Loss: 0.1394, Val Loss: 0.1255
2024-11-23 12:37:36,160 - INFO - Epoch 20/100, Train Loss: 0.2619, Val Loss: 0.3100
2024-11-23 12:37:49,207 - INFO - Epoch 21/100, Train Loss: 0.2828, Val Loss: 0.2781
2024-11-23 12:38:02,167 - INFO - Epoch 22/100, Train Loss: 0.3001, Val Loss: 0.3340
2024-11-23 12:38:14,910 - INFO - Epoch 23/100, Train Loss: 0.2183, Val Loss: 0.1509
2024-11-23 12:38:27,611 - INFO - Epoch 24/100, Train Loss: 0.1742, Val Loss: 0.1608
2024-11-23 12:38:40,264 - INFO - Epoch 25/100, Train Loss: 0.1702, Val Loss: 0.1912
2024-11-23 12:38:52,773 - INFO - Epoch 26/100, Train Loss: 0.1954, Val Loss: 0.1892
2024-11-23 12:39:05,552 - INFO - Epoch 27/100, Train Loss: 0.1702, Val Loss: 0.1444
2024-11-23 12:39:17,859 - INFO - Epoch 28/100, Train Loss: 0.1808, Val Loss: 0.1581
2024-11-23 12:39:30,590 - INFO - Epoch 29/100, Train Loss: 0.1649, Val Loss: 0.1469
2024-11-23 12:39:42,551 - INFO - Epoch 30/100, Train Loss: 0.1685, Val Loss: 0.1643
2024-11-23 12:39:54,629 - INFO - Epoch 31/100, Train Loss: 0.1697, Val Loss: 0.1352
2024-11-23 12:40:06,915 - INFO - Epoch 32/100, Train Loss: 0.1895, Val Loss: 0.1915
2024-11-23 12:40:18,769 - INFO - Epoch 33/100, Train Loss: 0.1791, Val Loss: 0.1635
2024-11-23 12:40:31,362 - INFO - Epoch 34/100, Train Loss: 0.3646, Val Loss: 0.3657
2024-11-23 12:40:43,807 - INFO - Epoch 35/100, Train Loss: 0.2509, Val Loss: 0.1612
2024-11-23 12:40:56,376 - INFO - Epoch 36/100, Train Loss: 0.1739, Val Loss: 0.1487
2024-11-23 12:41:09,125 - INFO - Epoch 37/100, Train Loss: 0.1664, Val Loss: 0.1664
2024-11-23 12:41:22,457 - INFO - Epoch 38/100, Train Loss: 0.1643, Val Loss: 0.1335
2024-11-23 12:41:34,865 - INFO - Epoch 39/100, Train Loss: 0.1589, Val Loss: 0.1438
2024-11-23 12:41:46,891 - INFO - Epoch 40/100, Train Loss: 0.1719, Val Loss: 0.1655
2024-11-23 12:41:58,804 - INFO - Epoch 41/100, Train Loss: 0.2025, Val Loss: 0.1391
2024-11-23 12:42:10,740 - INFO - Epoch 42/100, Train Loss: 0.1669, Val Loss: 0.1637
2024-11-23 12:42:22,868 - INFO - Epoch 43/100, Train Loss: 0.1591, Val Loss: 0.1825
2024-11-23 12:42:35,690 - INFO - Epoch 44/100, Train Loss: 0.1839, Val Loss: 0.1425
2024-11-23 12:42:48,110 - INFO - Epoch 45/100, Train Loss: 0.1841, Val Loss: 0.1676
2024-11-23 12:43:00,613 - INFO - Epoch 46/100, Train Loss: 0.1715, Val Loss: 0.1520
2024-11-23 12:43:13,534 - INFO - Epoch 47/100, Train Loss: 0.1560, Val Loss: 0.1457
2024-11-23 12:43:26,434 - INFO - Epoch 48/100, Train Loss: 0.1518, Val Loss: 0.1392
2024-11-23 12:43:39,583 - INFO - Epoch 49/100, Train Loss: 0.1522, Val Loss: 0.1364
2024-11-23 12:43:52,514 - INFO - Epoch 50/100, Train Loss: 0.1533, Val Loss: 0.1257
2024-11-23 12:44:05,786 - INFO - Epoch 51/100, Train Loss: 0.1547, Val Loss: 0.1421
2024-11-23 12:44:19,206 - INFO - Epoch 52/100, Train Loss: 0.1510, Val Loss: 0.1492
2024-11-23 12:44:32,016 - INFO - Epoch 53/100, Train Loss: 0.1787, Val Loss: 0.1638
2024-11-23 12:44:45,366 - INFO - Epoch 54/100, Train Loss: 0.1794, Val Loss: 0.1470
2024-11-23 12:44:58,064 - INFO - Epoch 55/100, Train Loss: 0.1642, Val Loss: 0.1408
2024-11-23 12:45:11,037 - INFO - Epoch 56/100, Train Loss: 0.1602, Val Loss: 0.1381
2024-11-23 12:45:23,686 - INFO - Epoch 57/100, Train Loss: 0.1589, Val Loss: 0.1427
2024-11-23 12:45:36,301 - INFO - Epoch 58/100, Train Loss: 0.1581, Val Loss: 0.1425
2024-11-23 12:45:48,990 - INFO - Epoch 59/100, Train Loss: 0.1558, Val Loss: 0.1394
2024-11-23 12:46:02,151 - INFO - Epoch 60/100, Train Loss: 0.1565, Val Loss: 0.1543
2024-11-23 12:46:15,069 - INFO - Epoch 61/100, Train Loss: 0.1657, Val Loss: 0.1440
2024-11-23 12:46:28,682 - INFO - Epoch 62/100, Train Loss: 0.1589, Val Loss: 0.1745
2024-11-23 12:46:41,786 - INFO - Epoch 63/100, Train Loss: 0.2193, Val Loss: 0.2598
2024-11-23 12:46:54,912 - INFO - Epoch 64/100, Train Loss: 0.2381, Val Loss: 0.1908
2024-11-23 12:47:07,853 - INFO - Epoch 65/100, Train Loss: 0.1696, Val Loss: 0.1443
2024-11-23 12:47:20,765 - INFO - Epoch 66/100, Train Loss: 0.1687, Val Loss: 0.1466
2024-11-23 12:47:33,843 - INFO - Epoch 67/100, Train Loss: 0.1644, Val Loss: 0.1516
2024-11-23 12:47:46,511 - INFO - Epoch 68/100, Train Loss: 0.1964, Val Loss: 0.2360
2024-11-23 12:47:59,224 - INFO - Epoch 69/100, Train Loss: 0.2067, Val Loss: 0.1761
2024-11-23 12:48:13,265 - INFO - Epoch 70/100, Train Loss: 0.1731, Val Loss: 0.1656
2024-11-23 12:48:26,671 - INFO - Epoch 71/100, Train Loss: 0.1647, Val Loss: 0.1494
2024-11-23 12:48:40,866 - INFO - Epoch 72/100, Train Loss: 0.1650, Val Loss: 0.1390
2024-11-23 12:48:54,161 - INFO - Epoch 73/100, Train Loss: 0.1582, Val Loss: 0.1534
2024-11-23 12:49:07,042 - INFO - Epoch 74/100, Train Loss: 0.1606, Val Loss: 0.1549
2024-11-23 12:49:20,908 - INFO - Epoch 75/100, Train Loss: 0.1592, Val Loss: 0.1336
2024-11-23 12:49:33,617 - INFO - Epoch 76/100, Train Loss: 0.1663, Val Loss: 0.1456
2024-11-23 12:49:45,955 - INFO - Epoch 77/100, Train Loss: 0.1709, Val Loss: 0.1516
2024-11-23 12:49:58,471 - INFO - Epoch 78/100, Train Loss: 0.1591, Val Loss: 0.1368
2024-11-23 12:50:11,330 - INFO - Epoch 79/100, Train Loss: 0.1559, Val Loss: 0.1485
2024-11-23 12:50:23,345 - INFO - Epoch 80/100, Train Loss: 0.1500, Val Loss: 0.1512
2024-11-23 12:50:35,228 - INFO - Epoch 81/100, Train Loss: 0.1538, Val Loss: 0.1478
2024-11-23 12:50:47,707 - INFO - Epoch 82/100, Train Loss: 0.1558, Val Loss: 0.1272
2024-11-23 12:50:59,420 - INFO - Epoch 83/100, Train Loss: 0.1559, Val Loss: 0.1398
2024-11-23 12:51:11,167 - INFO - Epoch 84/100, Train Loss: 0.1640, Val Loss: 0.1391
2024-11-23 12:51:23,618 - INFO - Epoch 85/100, Train Loss: 0.1611, Val Loss: 0.1379
2024-11-23 12:51:35,738 - INFO - Epoch 86/100, Train Loss: 0.1554, Val Loss: 0.1604
2024-11-23 12:51:48,527 - INFO - Epoch 87/100, Train Loss: 0.1550, Val Loss: 0.1291
2024-11-23 12:52:00,662 - INFO - Epoch 88/100, Train Loss: 0.1508, Val Loss: 0.1322
2024-11-23 12:52:12,454 - INFO - Epoch 89/100, Train Loss: 0.1545, Val Loss: 0.1443
2024-11-23 12:52:24,359 - INFO - Epoch 90/100, Train Loss: 0.1731, Val Loss: 0.1518
2024-11-23 12:52:36,246 - INFO - Epoch 91/100, Train Loss: 0.1635, Val Loss: 0.1609
2024-11-23 12:52:49,036 - INFO - Epoch 92/100, Train Loss: 0.1675, Val Loss: 0.1388
2024-11-23 12:53:01,209 - INFO - Epoch 93/100, Train Loss: 0.1591, Val Loss: 0.1362
2024-11-23 12:53:13,878 - INFO - Epoch 94/100, Train Loss: 0.1914, Val Loss: 0.1787
2024-11-23 12:53:25,859 - INFO - Epoch 95/100, Train Loss: 0.2401, Val Loss: 0.2140
2024-11-23 12:53:38,562 - INFO - Epoch 96/100, Train Loss: 0.2329, Val Loss: 0.1907
2024-11-23 12:53:51,138 - INFO - Epoch 97/100, Train Loss: 0.2925, Val Loss: 0.3117
2024-11-23 12:54:04,188 - INFO - Epoch 98/100, Train Loss: 0.4050, Val Loss: 0.6228
2024-11-23 12:54:17,194 - INFO - Epoch 99/100, Train Loss: 0.7837, Val Loss: 0.6938
2024-11-23 12:54:29,306 - INFO - Epoch 100/100, Train Loss: 0.5230, Val Loss: 0.4031
2024-11-23 12:54:31,434 - INFO - Deepened_RNN Test Loss: 0.4817
2024-11-23 12:54:31,622 - INFO - 不同宽度对比实验
2024-11-23 12:54:31,622 - INFO - Loading and preprocessing data...
2024-11-23 12:54:34,726 - INFO - Training Original_RNN with 100 epochs, learning rate 0.001...
2024-11-23 12:54:41,144 - INFO - Epoch 1/100, Train Loss: 0.1596, Val Loss: 0.1211
2024-11-23 12:54:47,798 - INFO - Epoch 2/100, Train Loss: 0.1422, Val Loss: 0.1217
2024-11-23 12:54:53,989 - INFO - Epoch 3/100, Train Loss: 0.1360, Val Loss: 0.1235
2024-11-23 12:55:00,625 - INFO - Epoch 4/100, Train Loss: 0.1305, Val Loss: 0.1224
2024-11-23 12:55:07,083 - INFO - Epoch 5/100, Train Loss: 0.1277, Val Loss: 0.1247
2024-11-23 12:55:13,406 - INFO - Epoch 6/100, Train Loss: 0.1257, Val Loss: 0.1207
2024-11-23 12:55:20,047 - INFO - Epoch 7/100, Train Loss: 0.1219, Val Loss: 0.1262
2024-11-23 12:55:26,506 - INFO - Epoch 8/100, Train Loss: 0.1218, Val Loss: 0.1178
2024-11-23 12:55:33,095 - INFO - Epoch 9/100, Train Loss: 0.1244, Val Loss: 0.1278
2024-11-23 12:55:39,549 - INFO - Epoch 10/100, Train Loss: 0.1224, Val Loss: 0.1202
2024-11-23 12:55:46,186 - INFO - Epoch 11/100, Train Loss: 0.1184, Val Loss: 0.1260
2024-11-23 12:55:52,516 - INFO - Epoch 12/100, Train Loss: 0.1164, Val Loss: 0.1233
2024-11-23 12:55:59,101 - INFO - Epoch 13/100, Train Loss: 0.1130, Val Loss: 0.1324
2024-11-23 12:56:05,628 - INFO - Epoch 14/100, Train Loss: 0.1135, Val Loss: 0.1267
2024-11-23 12:56:12,297 - INFO - Epoch 15/100, Train Loss: 0.1113, Val Loss: 0.1351
2024-11-23 12:56:18,757 - INFO - Epoch 16/100, Train Loss: 0.1088, Val Loss: 0.1268
2024-11-23 12:56:25,251 - INFO - Epoch 17/100, Train Loss: 0.1116, Val Loss: 0.1285
2024-11-23 12:56:31,778 - INFO - Epoch 18/100, Train Loss: 0.1073, Val Loss: 0.1276
2024-11-23 12:56:38,346 - INFO - Epoch 19/100, Train Loss: 0.1017, Val Loss: 0.1299
2024-11-23 12:56:44,701 - INFO - Epoch 20/100, Train Loss: 0.1002, Val Loss: 0.1309
2024-11-23 12:56:51,224 - INFO - Epoch 21/100, Train Loss: 0.1022, Val Loss: 0.1320
2024-11-23 12:56:57,721 - INFO - Epoch 22/100, Train Loss: 0.1001, Val Loss: 0.1335
2024-11-23 12:57:04,097 - INFO - Epoch 23/100, Train Loss: 0.1004, Val Loss: 0.1321
2024-11-23 12:57:10,539 - INFO - Epoch 24/100, Train Loss: 0.1014, Val Loss: 0.1298
2024-11-23 12:57:17,002 - INFO - Epoch 25/100, Train Loss: 0.1034, Val Loss: 0.1420
2024-11-23 12:57:23,380 - INFO - Epoch 26/100, Train Loss: 0.1147, Val Loss: 0.1344
2024-11-23 12:57:29,858 - INFO - Epoch 27/100, Train Loss: 0.1049, Val Loss: 0.1299
2024-11-23 12:57:36,297 - INFO - Epoch 28/100, Train Loss: 0.1113, Val Loss: 0.1259
2024-11-23 12:57:42,801 - INFO - Epoch 29/100, Train Loss: 0.1107, Val Loss: 0.1324
2024-11-23 12:57:49,245 - INFO - Epoch 30/100, Train Loss: 0.1140, Val Loss: 0.1295
2024-11-23 12:57:55,620 - INFO - Epoch 31/100, Train Loss: 0.1045, Val Loss: 0.1309
2024-11-23 12:58:02,133 - INFO - Epoch 32/100, Train Loss: 0.0983, Val Loss: 0.1285
2024-11-23 12:58:08,397 - INFO - Epoch 33/100, Train Loss: 0.0975, Val Loss: 0.1341
2024-11-23 12:58:14,948 - INFO - Epoch 34/100, Train Loss: 0.0965, Val Loss: 0.1353
2024-11-23 12:58:21,389 - INFO - Epoch 35/100, Train Loss: 0.0972, Val Loss: 0.1356
2024-11-23 12:58:27,786 - INFO - Epoch 36/100, Train Loss: 0.0997, Val Loss: 0.1409
2024-11-23 12:58:34,282 - INFO - Epoch 37/100, Train Loss: 0.0908, Val Loss: 0.1423
2024-11-23 12:58:40,667 - INFO - Epoch 38/100, Train Loss: 0.0911, Val Loss: 0.1438
2024-11-23 12:58:47,039 - INFO - Epoch 39/100, Train Loss: 0.0918, Val Loss: 0.1424
2024-11-23 12:58:53,423 - INFO - Epoch 40/100, Train Loss: 0.0978, Val Loss: 0.1479
2024-11-23 12:58:59,826 - INFO - Epoch 41/100, Train Loss: 0.0948, Val Loss: 0.1448
2024-11-23 12:59:06,195 - INFO - Epoch 42/100, Train Loss: 0.0877, Val Loss: 0.1385
2024-11-23 12:59:12,602 - INFO - Epoch 43/100, Train Loss: 0.0981, Val Loss: 0.1378
2024-11-23 12:59:18,928 - INFO - Epoch 44/100, Train Loss: 0.0967, Val Loss: 0.1409
2024-11-23 12:59:25,373 - INFO - Epoch 45/100, Train Loss: 0.1011, Val Loss: 0.1432
2024-11-23 12:59:31,727 - INFO - Epoch 46/100, Train Loss: 0.0998, Val Loss: 0.1385
2024-11-23 12:59:38,115 - INFO - Epoch 47/100, Train Loss: 0.1019, Val Loss: 0.1383
2024-11-23 12:59:44,496 - INFO - Epoch 48/100, Train Loss: 0.0961, Val Loss: 0.1390
2024-11-23 12:59:50,831 - INFO - Epoch 49/100, Train Loss: 0.1011, Val Loss: 0.1370
2024-11-23 12:59:57,115 - INFO - Epoch 50/100, Train Loss: 0.1025, Val Loss: 0.1395
2024-11-23 13:00:03,438 - INFO - Epoch 51/100, Train Loss: 0.0949, Val Loss: 0.1409
2024-11-23 13:00:09,756 - INFO - Epoch 52/100, Train Loss: 0.0953, Val Loss: 0.1467
2024-11-23 13:00:15,971 - INFO - Epoch 53/100, Train Loss: 0.1025, Val Loss: 0.1379
2024-11-23 13:00:22,137 - INFO - Epoch 54/100, Train Loss: 0.1035, Val Loss: 0.1396
2024-11-23 13:00:28,464 - INFO - Epoch 55/100, Train Loss: 0.0930, Val Loss: 0.1367
2024-11-23 13:00:34,872 - INFO - Epoch 56/100, Train Loss: 0.0988, Val Loss: 0.1429
2024-11-23 13:00:41,274 - INFO - Epoch 57/100, Train Loss: 0.0970, Val Loss: 0.1361
2024-11-23 13:00:47,626 - INFO - Epoch 58/100, Train Loss: 0.0976, Val Loss: 0.1382
2024-11-23 13:00:53,889 - INFO - Epoch 59/100, Train Loss: 0.0967, Val Loss: 0.1409
2024-11-23 13:01:00,265 - INFO - Epoch 60/100, Train Loss: 0.0953, Val Loss: 0.1410
2024-11-23 13:01:06,669 - INFO - Epoch 61/100, Train Loss: 0.1100, Val Loss: 0.1368
2024-11-23 13:01:13,061 - INFO - Epoch 62/100, Train Loss: 0.1074, Val Loss: 0.1353
2024-11-23 13:01:19,452 - INFO - Epoch 63/100, Train Loss: 0.1032, Val Loss: 0.1367
2024-11-23 13:01:25,850 - INFO - Epoch 64/100, Train Loss: 0.1019, Val Loss: 0.1411
2024-11-23 13:01:32,254 - INFO - Epoch 65/100, Train Loss: 0.0970, Val Loss: 0.1435
2024-11-23 13:01:38,438 - INFO - Epoch 66/100, Train Loss: 0.1075, Val Loss: 0.1342
2024-11-23 13:01:44,634 - INFO - Epoch 67/100, Train Loss: 0.1286, Val Loss: 0.1320
2024-11-23 13:01:51,045 - INFO - Epoch 68/100, Train Loss: 0.1232, Val Loss: 0.1267
2024-11-23 13:01:57,396 - INFO - Epoch 69/100, Train Loss: 0.1253, Val Loss: 0.1309
2024-11-23 13:02:03,737 - INFO - Epoch 70/100, Train Loss: 0.1249, Val Loss: 0.1313
2024-11-23 13:02:10,476 - INFO - Epoch 71/100, Train Loss: 0.1295, Val Loss: 0.1307
2024-11-23 13:02:17,277 - INFO - Epoch 72/100, Train Loss: 0.1305, Val Loss: 0.1262
2024-11-23 13:02:23,844 - INFO - Epoch 73/100, Train Loss: 0.1276, Val Loss: 0.1323
2024-11-23 13:02:30,653 - INFO - Epoch 74/100, Train Loss: 0.1353, Val Loss: 0.1333
2024-11-23 13:02:37,647 - INFO - Epoch 75/100, Train Loss: 0.1256, Val Loss: 0.1319
2024-11-23 13:02:44,638 - INFO - Epoch 76/100, Train Loss: 0.1237, Val Loss: 0.1291
2024-11-23 13:02:51,634 - INFO - Epoch 77/100, Train Loss: 0.1172, Val Loss: 0.1290
2024-11-23 13:02:58,631 - INFO - Epoch 78/100, Train Loss: 0.1158, Val Loss: 0.1253
2024-11-23 13:03:05,649 - INFO - Epoch 79/100, Train Loss: 0.1152, Val Loss: 0.1301
2024-11-23 13:03:12,700 - INFO - Epoch 80/100, Train Loss: 0.1158, Val Loss: 0.1346
2024-11-23 13:03:19,674 - INFO - Epoch 81/100, Train Loss: 0.1225, Val Loss: 0.1333
2024-11-23 13:03:26,646 - INFO - Epoch 82/100, Train Loss: 0.1197, Val Loss: 0.1294
2024-11-23 13:03:33,642 - INFO - Epoch 83/100, Train Loss: 0.1159, Val Loss: 0.1384
2024-11-23 13:03:40,609 - INFO - Epoch 84/100, Train Loss: 0.1139, Val Loss: 0.1272
2024-11-23 13:03:47,713 - INFO - Epoch 85/100, Train Loss: 0.1140, Val Loss: 0.1346
2024-11-23 13:03:54,689 - INFO - Epoch 86/100, Train Loss: 0.1131, Val Loss: 0.1333
2024-11-23 13:04:01,496 - INFO - Epoch 87/100, Train Loss: 0.1150, Val Loss: 0.1286
2024-11-23 13:04:08,040 - INFO - Epoch 88/100, Train Loss: 0.1211, Val Loss: 0.1399
2024-11-23 13:04:14,506 - INFO - Epoch 89/100, Train Loss: 0.1302, Val Loss: 0.1284
2024-11-23 13:04:20,926 - INFO - Epoch 90/100, Train Loss: 0.1256, Val Loss: 0.1267
2024-11-23 13:04:27,861 - INFO - Epoch 91/100, Train Loss: 0.1193, Val Loss: 0.1350
2024-11-23 13:04:34,805 - INFO - Epoch 92/100, Train Loss: 0.1212, Val Loss: 0.1280
2024-11-23 13:04:41,721 - INFO - Epoch 93/100, Train Loss: 0.1164, Val Loss: 0.1304
2024-11-23 13:04:48,624 - INFO - Epoch 94/100, Train Loss: 0.1199, Val Loss: 0.1238
2024-11-23 13:04:55,585 - INFO - Epoch 95/100, Train Loss: 0.1143, Val Loss: 0.1247
2024-11-23 13:05:02,440 - INFO - Epoch 96/100, Train Loss: 0.1128, Val Loss: 0.1279
2024-11-23 13:05:09,403 - INFO - Epoch 97/100, Train Loss: 0.1085, Val Loss: 0.1372
2024-11-23 13:05:16,324 - INFO - Epoch 98/100, Train Loss: 0.1236, Val Loss: 0.1295
2024-11-23 13:05:23,208 - INFO - Epoch 99/100, Train Loss: 0.1217, Val Loss: 0.1320
2024-11-23 13:05:30,090 - INFO - Epoch 100/100, Train Loss: 0.1228, Val Loss: 0.1305
2024-11-23 13:05:31,167 - INFO - Original_RNN Test Loss: 0.1468
2024-11-23 13:05:31,357 - INFO - Loading and preprocessing data...
2024-11-23 13:05:34,378 - INFO - Training Widened_RNN with 100 epochs, learning rate 0.001...
2024-11-23 13:05:41,304 - INFO - Epoch 1/100, Train Loss: 0.1573, Val Loss: 0.1222
2024-11-23 13:05:47,929 - INFO - Epoch 2/100, Train Loss: 0.1473, Val Loss: 0.1232
2024-11-23 13:05:54,074 - INFO - Epoch 3/100, Train Loss: 0.1403, Val Loss: 0.1202
2024-11-23 13:06:00,155 - INFO - Epoch 4/100, Train Loss: 0.1386, Val Loss: 0.1195
2024-11-23 13:06:06,229 - INFO - Epoch 5/100, Train Loss: 0.1323, Val Loss: 0.1190
2024-11-23 13:06:12,376 - INFO - Epoch 6/100, Train Loss: 0.1275, Val Loss: 0.1252
2024-11-23 13:06:18,415 - INFO - Epoch 7/100, Train Loss: 0.1250, Val Loss: 0.1235
2024-11-23 13:06:24,500 - INFO - Epoch 8/100, Train Loss: 0.1215, Val Loss: 0.1236
2024-11-23 13:06:30,810 - INFO - Epoch 9/100, Train Loss: 0.1212, Val Loss: 0.1232
2024-11-23 13:06:37,121 - INFO - Epoch 10/100, Train Loss: 0.1214, Val Loss: 0.1288
2024-11-23 13:06:43,414 - INFO - Epoch 11/100, Train Loss: 0.1224, Val Loss: 0.1235
2024-11-23 13:06:49,656 - INFO - Epoch 12/100, Train Loss: 0.1129, Val Loss: 0.1251
2024-11-23 13:06:55,494 - INFO - Epoch 13/100, Train Loss: 0.1079, Val Loss: 0.1265
2024-11-23 13:07:01,320 - INFO - Epoch 14/100, Train Loss: 0.1119, Val Loss: 0.1309
2024-11-23 13:07:06,950 - INFO - Epoch 15/100, Train Loss: 0.1052, Val Loss: 0.1315
2024-11-23 13:07:12,616 - INFO - Epoch 16/100, Train Loss: 0.1017, Val Loss: 0.1317
2024-11-23 13:07:18,187 - INFO - Epoch 17/100, Train Loss: 0.1055, Val Loss: 0.1396
2024-11-23 13:07:23,743 - INFO - Epoch 18/100, Train Loss: 0.1591, Val Loss: 0.1391
2024-11-23 13:07:29,382 - INFO - Epoch 19/100, Train Loss: 0.1521, Val Loss: 0.1288
2024-11-23 13:07:35,097 - INFO - Epoch 20/100, Train Loss: 0.1445, Val Loss: 0.1269
2024-11-23 13:07:40,670 - INFO - Epoch 21/100, Train Loss: 0.1397, Val Loss: 0.1235
2024-11-23 13:07:46,255 - INFO - Epoch 22/100, Train Loss: 0.1363, Val Loss: 0.1248
2024-11-23 13:07:51,769 - INFO - Epoch 23/100, Train Loss: 0.1319, Val Loss: 0.1265
2024-11-23 13:07:57,231 - INFO - Epoch 24/100, Train Loss: 0.1300, Val Loss: 0.1397
2024-11-23 13:08:02,611 - INFO - Epoch 25/100, Train Loss: 0.1281, Val Loss: 0.1280
2024-11-23 13:08:07,990 - INFO - Epoch 26/100, Train Loss: 0.1263, Val Loss: 0.1297
2024-11-23 13:08:13,232 - INFO - Epoch 27/100, Train Loss: 0.1391, Val Loss: 0.1298
2024-11-23 13:08:18,415 - INFO - Epoch 28/100, Train Loss: 0.1514, Val Loss: 0.1317
2024-11-23 13:08:23,472 - INFO - Epoch 29/100, Train Loss: 0.1488, Val Loss: 0.1274
2024-11-23 13:08:28,559 - INFO - Epoch 30/100, Train Loss: 0.1443, Val Loss: 0.1268
2024-11-23 13:08:33,939 - INFO - Epoch 31/100, Train Loss: 0.1455, Val Loss: 0.1274
2024-11-23 13:08:39,241 - INFO - Epoch 32/100, Train Loss: 0.1399, Val Loss: 0.1273
2024-11-23 13:08:44,805 - INFO - Epoch 33/100, Train Loss: 0.1396, Val Loss: 0.1266
2024-11-23 13:08:50,286 - INFO - Epoch 34/100, Train Loss: 0.1387, Val Loss: 0.1270
2024-11-23 13:08:55,991 - INFO - Epoch 35/100, Train Loss: 0.1425, Val Loss: 0.1303
2024-11-23 13:09:01,900 - INFO - Epoch 36/100, Train Loss: 0.1386, Val Loss: 0.1246
2024-11-23 13:09:07,850 - INFO - Epoch 37/100, Train Loss: 0.1399, Val Loss: 0.1391
2024-11-23 13:09:14,050 - INFO - Epoch 38/100, Train Loss: 0.1449, Val Loss: 0.1266
2024-11-23 13:09:20,278 - INFO - Epoch 39/100, Train Loss: 0.1383, Val Loss: 0.1282
2024-11-23 13:09:26,463 - INFO - Epoch 40/100, Train Loss: 0.1361, Val Loss: 0.1276
2024-11-23 13:09:32,555 - INFO - Epoch 41/100, Train Loss: 0.1338, Val Loss: 0.1315
2024-11-23 13:09:38,360 - INFO - Epoch 42/100, Train Loss: 0.1362, Val Loss: 0.1213
2024-11-23 13:09:43,969 - INFO - Epoch 43/100, Train Loss: 0.1349, Val Loss: 0.1233
2024-11-23 13:09:49,353 - INFO - Epoch 44/100, Train Loss: 0.1340, Val Loss: 0.1223
2024-11-23 13:09:54,654 - INFO - Epoch 45/100, Train Loss: 0.1337, Val Loss: 0.1266
2024-11-23 13:10:00,231 - INFO - Epoch 46/100, Train Loss: 0.1317, Val Loss: 0.1296
2024-11-23 13:10:05,671 - INFO - Epoch 47/100, Train Loss: 0.1346, Val Loss: 0.1284
2024-11-23 13:10:11,469 - INFO - Epoch 48/100, Train Loss: 0.1309, Val Loss: 0.1283
2024-11-23 13:10:17,740 - INFO - Epoch 49/100, Train Loss: 0.1282, Val Loss: 0.1222
2024-11-23 13:10:24,211 - INFO - Epoch 50/100, Train Loss: 0.1285, Val Loss: 0.1232
2024-11-23 13:10:30,344 - INFO - Epoch 51/100, Train Loss: 0.1290, Val Loss: 0.1244
2024-11-23 13:10:36,845 - INFO - Epoch 52/100, Train Loss: 0.1249, Val Loss: 0.1263
2024-11-23 13:10:43,144 - INFO - Epoch 53/100, Train Loss: 0.1282, Val Loss: 0.1267
2024-11-23 13:10:49,455 - INFO - Epoch 54/100, Train Loss: 0.1293, Val Loss: 0.1283
2024-11-23 13:10:55,761 - INFO - Epoch 55/100, Train Loss: 0.1266, Val Loss: 0.1258
2024-11-23 13:11:02,086 - INFO - Epoch 56/100, Train Loss: 0.1397, Val Loss: 0.1256
2024-11-23 13:11:08,386 - INFO - Epoch 57/100, Train Loss: 0.1336, Val Loss: 0.1259
2024-11-23 13:11:14,753 - INFO - Epoch 58/100, Train Loss: 0.1307, Val Loss: 0.1385
2024-11-23 13:11:21,158 - INFO - Epoch 59/100, Train Loss: 0.1290, Val Loss: 0.1244
2024-11-23 13:11:27,511 - INFO - Epoch 60/100, Train Loss: 0.1268, Val Loss: 0.1321
2024-11-23 13:11:33,869 - INFO - Epoch 61/100, Train Loss: 0.1252, Val Loss: 0.1286
2024-11-23 13:11:40,367 - INFO - Epoch 62/100, Train Loss: 0.1245, Val Loss: 0.1286
2024-11-23 13:11:46,727 - INFO - Epoch 63/100, Train Loss: 0.1240, Val Loss: 0.1406
2024-11-23 13:11:53,057 - INFO - Epoch 64/100, Train Loss: 0.1242, Val Loss: 0.1273
2024-11-23 13:11:59,427 - INFO - Epoch 65/100, Train Loss: 0.1216, Val Loss: 0.1255
2024-11-23 13:12:05,580 - INFO - Epoch 66/100, Train Loss: 0.1211, Val Loss: 0.1261
2024-11-23 13:12:11,985 - INFO - Epoch 67/100, Train Loss: 0.1222, Val Loss: 0.1235
2024-11-23 13:12:18,410 - INFO - Epoch 68/100, Train Loss: 0.1217, Val Loss: 0.1274
2024-11-23 13:12:24,882 - INFO - Epoch 69/100, Train Loss: 0.1190, Val Loss: 0.1309
2024-11-23 13:12:31,021 - INFO - Epoch 70/100, Train Loss: 0.1212, Val Loss: 0.1267
2024-11-23 13:12:37,378 - INFO - Epoch 71/100, Train Loss: 0.1176, Val Loss: 0.1274
2024-11-23 13:12:43,579 - INFO - Epoch 72/100, Train Loss: 0.1163, Val Loss: 0.1277
2024-11-23 13:12:49,705 - INFO - Epoch 73/100, Train Loss: 0.1183, Val Loss: 0.1293
2024-11-23 13:12:55,931 - INFO - Epoch 74/100, Train Loss: 0.1159, Val Loss: 0.1309
2024-11-23 13:13:02,363 - INFO - Epoch 75/100, Train Loss: 0.1193, Val Loss: 0.1276
2024-11-23 13:13:08,830 - INFO - Epoch 76/100, Train Loss: 0.1170, Val Loss: 0.1420
2024-11-23 13:13:15,208 - INFO - Epoch 77/100, Train Loss: 0.1245, Val Loss: 0.1310
2024-11-23 13:13:21,523 - INFO - Epoch 78/100, Train Loss: 0.1241, Val Loss: 0.1294
2024-11-23 13:13:27,780 - INFO - Epoch 79/100, Train Loss: 0.1206, Val Loss: 0.1367
2024-11-23 13:13:34,103 - INFO - Epoch 80/100, Train Loss: 0.1194, Val Loss: 0.1314
2024-11-23 13:13:40,109 - INFO - Epoch 81/100, Train Loss: 0.1242, Val Loss: 0.1268
2024-11-23 13:13:46,269 - INFO - Epoch 82/100, Train Loss: 0.1194, Val Loss: 0.1285
2024-11-23 13:13:52,711 - INFO - Epoch 83/100, Train Loss: 0.1180, Val Loss: 0.1324
2024-11-23 13:13:59,357 - INFO - Epoch 84/100, Train Loss: 0.1173, Val Loss: 0.1293
2024-11-23 13:14:05,975 - INFO - Epoch 85/100, Train Loss: 0.1194, Val Loss: 0.1341
2024-11-23 13:14:12,397 - INFO - Epoch 86/100, Train Loss: 0.1269, Val Loss: 0.1284
2024-11-23 13:14:18,986 - INFO - Epoch 87/100, Train Loss: 0.1282, Val Loss: 0.1481
2024-11-23 13:14:25,420 - INFO - Epoch 88/100, Train Loss: 0.1225, Val Loss: 0.1256
2024-11-23 13:14:31,971 - INFO - Epoch 89/100, Train Loss: 0.1224, Val Loss: 0.1315
2024-11-23 13:14:38,514 - INFO - Epoch 90/100, Train Loss: 0.1179, Val Loss: 0.1305
2024-11-23 13:14:44,967 - INFO - Epoch 91/100, Train Loss: 0.1167, Val Loss: 0.1311
2024-11-23 13:14:51,555 - INFO - Epoch 92/100, Train Loss: 0.1156, Val Loss: 0.1317
2024-11-23 13:14:57,982 - INFO - Epoch 93/100, Train Loss: 0.1152, Val Loss: 0.1304
2024-11-23 13:15:04,523 - INFO - Epoch 94/100, Train Loss: 0.1134, Val Loss: 0.1340
2024-11-23 13:15:10,979 - INFO - Epoch 95/100, Train Loss: 0.1118, Val Loss: 0.1336
2024-11-23 13:15:17,486 - INFO - Epoch 96/100, Train Loss: 0.1124, Val Loss: 0.1301
2024-11-23 13:15:23,990 - INFO - Epoch 97/100, Train Loss: 0.1139, Val Loss: 0.1338
2024-11-23 13:15:30,383 - INFO - Epoch 98/100, Train Loss: 0.1149, Val Loss: 0.1297
2024-11-23 13:15:36,645 - INFO - Epoch 99/100, Train Loss: 0.1123, Val Loss: 0.1359
2024-11-23 13:15:42,789 - INFO - Epoch 100/100, Train Loss: 0.1083, Val Loss: 0.1325
2024-11-23 13:15:43,918 - INFO - Widened_RNN Test Loss: 0.1590
