2024-12-22 16:20:41,520 - INFO - Starting training for learning rate: 0.1
2024-12-22 16:20:46,785 - INFO - Epoch [1/100], Train Loss: 0.4403, Validation Loss: 0.4257
2024-12-22 16:20:50,892 - INFO - Epoch [2/100], Train Loss: 0.2756, Validation Loss: 0.2506
2024-12-22 16:20:54,668 - INFO - Epoch [3/100], Train Loss: 0.2680, Validation Loss: 0.2925
2024-12-22 16:20:58,682 - INFO - Epoch [4/100], Train Loss: 0.2279, Validation Loss: 0.2309
2024-12-22 16:21:02,566 - INFO - Epoch [5/100], Train Loss: 0.2183, Validation Loss: 0.2721
2024-12-22 16:21:06,704 - INFO - Epoch [6/100], Train Loss: 0.2314, Validation Loss: 0.2552
2024-12-22 16:21:10,782 - INFO - Epoch [7/100], Train Loss: 0.3677, Validation Loss: 0.2812
2024-12-22 16:21:14,955 - INFO - Epoch [8/100], Train Loss: 0.3646, Validation Loss: 0.6931
2024-12-22 16:21:19,140 - INFO - Epoch [9/100], Train Loss: 0.3711, Validation Loss: 0.5912
2024-12-22 16:21:22,825 - INFO - Epoch [10/100], Train Loss: 0.3477, Validation Loss: 0.2275
2024-12-22 16:21:26,680 - INFO - Epoch [11/100], Train Loss: 0.2885, Validation Loss: 0.2855
2024-12-22 16:21:30,812 - INFO - Epoch [12/100], Train Loss: 0.4295, Validation Loss: 0.3533
2024-12-22 16:21:34,964 - INFO - Epoch [13/100], Train Loss: 0.4019, Validation Loss: 0.2763
2024-12-22 16:21:39,163 - INFO - Epoch [14/100], Train Loss: 0.4765, Validation Loss: 0.4011
2024-12-22 16:21:43,287 - INFO - Epoch [15/100], Train Loss: 0.4282, Validation Loss: 0.3735
2024-12-22 16:21:47,379 - INFO - Epoch [16/100], Train Loss: 0.5435, Validation Loss: 0.2692
2024-12-22 16:21:51,501 - INFO - Epoch [17/100], Train Loss: 0.2874, Validation Loss: 0.5085
2024-12-22 16:21:55,627 - INFO - Epoch [18/100], Train Loss: 0.3406, Validation Loss: 0.2398
2024-12-22 16:21:59,764 - INFO - Epoch [19/100], Train Loss: 0.3288, Validation Loss: 0.4420
2024-12-22 16:22:03,815 - INFO - Epoch [20/100], Train Loss: 0.3513, Validation Loss: 0.2856
2024-12-22 16:22:07,599 - INFO - Epoch [21/100], Train Loss: 0.3182, Validation Loss: 0.2829
2024-12-22 16:22:11,333 - INFO - Epoch [22/100], Train Loss: 0.3308, Validation Loss: 0.2442
2024-12-22 16:22:15,070 - INFO - Epoch [23/100], Train Loss: 0.3142, Validation Loss: 0.2313
2024-12-22 16:22:18,822 - INFO - Epoch [24/100], Train Loss: 0.3092, Validation Loss: 0.2281
2024-12-22 16:22:22,540 - INFO - Epoch [25/100], Train Loss: 0.3201, Validation Loss: 0.2616
2024-12-22 16:22:26,233 - INFO - Epoch [26/100], Train Loss: 0.3456, Validation Loss: 0.3054
2024-12-22 16:22:29,943 - INFO - Epoch [27/100], Train Loss: 0.3336, Validation Loss: 0.2687
2024-12-22 16:22:33,705 - INFO - Epoch [28/100], Train Loss: 0.3255, Validation Loss: 0.2450
2024-12-22 16:22:37,478 - INFO - Epoch [29/100], Train Loss: 0.3292, Validation Loss: 0.3275
2024-12-22 16:22:41,197 - INFO - Epoch [30/100], Train Loss: 0.3399, Validation Loss: 0.2618
2024-12-22 16:22:44,919 - INFO - Epoch [31/100], Train Loss: 0.3313, Validation Loss: 0.2577
2024-12-22 16:22:48,644 - INFO - Epoch [32/100], Train Loss: 0.3055, Validation Loss: 0.2698
2024-12-22 16:22:52,367 - INFO - Epoch [33/100], Train Loss: 0.3264, Validation Loss: 0.2966
2024-12-22 16:22:56,105 - INFO - Epoch [34/100], Train Loss: 0.3578, Validation Loss: 0.2779
2024-12-22 16:22:59,849 - INFO - Epoch [35/100], Train Loss: 0.3352, Validation Loss: 0.2742
2024-12-22 16:23:03,967 - INFO - Epoch [36/100], Train Loss: 0.3341, Validation Loss: 0.3114
2024-12-22 16:23:08,060 - INFO - Epoch [37/100], Train Loss: 0.3568, Validation Loss: 0.3092
2024-12-22 16:23:12,209 - INFO - Epoch [38/100], Train Loss: 0.3593, Validation Loss: 0.3699
2024-12-22 16:23:16,314 - INFO - Epoch [39/100], Train Loss: 0.3481, Validation Loss: 0.2788
2024-12-22 16:23:20,173 - INFO - Epoch [40/100], Train Loss: 0.3434, Validation Loss: 0.3283
2024-12-22 16:23:23,922 - INFO - Epoch [41/100], Train Loss: 0.3525, Validation Loss: 0.4437
2024-12-22 16:23:27,730 - INFO - Epoch [42/100], Train Loss: 0.3187, Validation Loss: 0.3788
2024-12-22 16:23:31,496 - INFO - Epoch [43/100], Train Loss: 0.2909, Validation Loss: 0.4508
2024-12-22 16:23:35,247 - INFO - Epoch [44/100], Train Loss: 0.2996, Validation Loss: 0.2303
2024-12-22 16:23:38,973 - INFO - Epoch [45/100], Train Loss: 0.3084, Validation Loss: 0.2398
2024-12-22 16:23:42,727 - INFO - Epoch [46/100], Train Loss: 0.3369, Validation Loss: 0.2824
2024-12-22 16:23:46,486 - INFO - Epoch [47/100], Train Loss: 0.3259, Validation Loss: 0.2921
2024-12-22 16:23:50,224 - INFO - Epoch [48/100], Train Loss: 0.3727, Validation Loss: 0.3324
2024-12-22 16:23:54,229 - INFO - Epoch [49/100], Train Loss: 0.3423, Validation Loss: 0.2137
2024-12-22 16:23:57,995 - INFO - Epoch [50/100], Train Loss: 0.2597, Validation Loss: 0.2149
2024-12-22 16:24:01,731 - INFO - Epoch [51/100], Train Loss: 0.2604, Validation Loss: 0.1966
2024-12-22 16:24:05,478 - INFO - Epoch [52/100], Train Loss: 0.2820, Validation Loss: 0.2342
2024-12-22 16:24:09,342 - INFO - Epoch [53/100], Train Loss: 0.2833, Validation Loss: 0.2130
2024-12-22 16:24:13,477 - INFO - Epoch [54/100], Train Loss: 0.3052, Validation Loss: 0.2013
2024-12-22 16:24:17,551 - INFO - Epoch [55/100], Train Loss: 0.2933, Validation Loss: 0.2135
2024-12-22 16:24:21,302 - INFO - Epoch [56/100], Train Loss: 0.3117, Validation Loss: 0.2234
2024-12-22 16:24:25,040 - INFO - Epoch [57/100], Train Loss: 0.3151, Validation Loss: 0.3316
2024-12-22 16:24:29,005 - INFO - Epoch [58/100], Train Loss: 0.3508, Validation Loss: 0.3420
2024-12-22 16:24:33,159 - INFO - Epoch [59/100], Train Loss: 0.3242, Validation Loss: 0.2735
2024-12-22 16:24:37,287 - INFO - Epoch [60/100], Train Loss: 0.3252, Validation Loss: 0.2693
2024-12-22 16:24:41,346 - INFO - Epoch [61/100], Train Loss: 0.3073, Validation Loss: 0.2778
2024-12-22 16:24:43,266 - INFO - Epoch [62/100], Train Loss: 0.3096, Validation Loss: 0.2356
2024-12-22 16:24:45,699 - INFO - Epoch [63/100], Train Loss: 0.3521, Validation Loss: 0.2369
2024-12-22 16:24:49,395 - INFO - Epoch [64/100], Train Loss: 0.3431, Validation Loss: 0.3093
2024-12-22 16:24:53,075 - INFO - Epoch [65/100], Train Loss: 0.3856, Validation Loss: 0.3450
2024-12-22 16:24:56,780 - INFO - Epoch [66/100], Train Loss: 0.3478, Validation Loss: 0.2669
2024-12-22 16:25:00,432 - INFO - Epoch [67/100], Train Loss: 0.3624, Validation Loss: 0.2840
2024-12-22 16:25:04,150 - INFO - Epoch [68/100], Train Loss: 0.3408, Validation Loss: 0.3006
2024-12-22 16:25:07,842 - INFO - Epoch [69/100], Train Loss: 0.3753, Validation Loss: 0.5226
2024-12-22 16:25:11,513 - INFO - Epoch [70/100], Train Loss: 0.3814, Validation Loss: 0.3230
2024-12-22 16:25:15,161 - INFO - Epoch [71/100], Train Loss: 0.3759, Validation Loss: 0.2729
2024-12-22 16:25:18,879 - INFO - Epoch [72/100], Train Loss: 0.3479, Validation Loss: 0.2865
2024-12-22 16:25:22,541 - INFO - Epoch [73/100], Train Loss: 0.3223, Validation Loss: 0.2667
2024-12-22 16:25:26,237 - INFO - Epoch [74/100], Train Loss: 0.3603, Validation Loss: 0.2979
2024-12-22 16:25:29,984 - INFO - Epoch [75/100], Train Loss: 0.3775, Validation Loss: 0.3872
2024-12-22 16:25:33,704 - INFO - Epoch [76/100], Train Loss: 0.3559, Validation Loss: 0.3003
2024-12-22 16:25:37,426 - INFO - Epoch [77/100], Train Loss: 0.3534, Validation Loss: 0.2942
2024-12-22 16:25:41,196 - INFO - Epoch [78/100], Train Loss: 0.3685, Validation Loss: 0.2789
2024-12-22 16:25:44,887 - INFO - Epoch [79/100], Train Loss: 0.3757, Validation Loss: 0.5201
2024-12-22 16:25:48,614 - INFO - Epoch [80/100], Train Loss: 0.3759, Validation Loss: 0.3584
2024-12-22 16:25:52,296 - INFO - Epoch [81/100], Train Loss: 0.4301, Validation Loss: 0.3768
2024-12-22 16:25:55,975 - INFO - Epoch [82/100], Train Loss: 0.3805, Validation Loss: 0.3899
2024-12-22 16:25:59,701 - INFO - Epoch [83/100], Train Loss: 0.4116, Validation Loss: 0.3671
2024-12-22 16:26:03,426 - INFO - Epoch [84/100], Train Loss: 0.5134, Validation Loss: 0.4112
2024-12-22 16:26:07,108 - INFO - Epoch [85/100], Train Loss: 0.4676, Validation Loss: 0.3505
2024-12-22 16:26:10,793 - INFO - Epoch [86/100], Train Loss: 0.4226, Validation Loss: 0.2895
2024-12-22 16:26:14,477 - INFO - Epoch [87/100], Train Loss: 0.3778, Validation Loss: 0.3860
2024-12-22 16:26:18,196 - INFO - Epoch [88/100], Train Loss: 0.4050, Validation Loss: 0.4383
2024-12-22 16:26:21,884 - INFO - Epoch [89/100], Train Loss: 0.4190, Validation Loss: 0.2913
2024-12-22 16:26:25,581 - INFO - Epoch [90/100], Train Loss: 0.4008, Validation Loss: 0.4797
2024-12-22 16:26:29,319 - INFO - Epoch [91/100], Train Loss: 0.4406, Validation Loss: 0.3111
2024-12-22 16:26:32,958 - INFO - Epoch [92/100], Train Loss: 0.3819, Validation Loss: 0.5081
2024-12-22 16:26:36,599 - INFO - Epoch [93/100], Train Loss: 0.4049, Validation Loss: 0.3636
2024-12-22 16:26:40,287 - INFO - Epoch [94/100], Train Loss: 0.4332, Validation Loss: 0.3438
2024-12-22 16:26:43,973 - INFO - Epoch [95/100], Train Loss: 0.4238, Validation Loss: 0.4733
2024-12-22 16:26:47,667 - INFO - Epoch [96/100], Train Loss: 0.4379, Validation Loss: 0.3557
2024-12-22 16:26:51,355 - INFO - Epoch [97/100], Train Loss: 0.4012, Validation Loss: 0.4902
2024-12-22 16:26:55,038 - INFO - Epoch [98/100], Train Loss: 0.3991, Validation Loss: 0.2854
2024-12-22 16:26:58,688 - INFO - Epoch [99/100], Train Loss: 0.3965, Validation Loss: 0.2910
2024-12-22 16:27:02,372 - INFO - Epoch [100/100], Train Loss: 0.4193, Validation Loss: 0.2988
2024-12-22 16:27:03,129 - INFO - Test Loss for learning rate 0.1: 0.3144
2024-12-22 16:27:03,417 - INFO - Starting training for learning rate: 0.001
2024-12-22 16:27:07,082 - INFO - Epoch [1/100], Train Loss: 0.1715, Validation Loss: 0.1213
2024-12-22 16:27:10,635 - INFO - Epoch [2/100], Train Loss: 0.1428, Validation Loss: 0.1207
2024-12-22 16:27:14,323 - INFO - Epoch [3/100], Train Loss: 0.1392, Validation Loss: 0.1231
2024-12-22 16:27:18,025 - INFO - Epoch [4/100], Train Loss: 0.1391, Validation Loss: 0.1235
2024-12-22 16:27:21,703 - INFO - Epoch [5/100], Train Loss: 0.1385, Validation Loss: 0.1214
2024-12-22 16:27:25,410 - INFO - Epoch [6/100], Train Loss: 0.1334, Validation Loss: 0.1175
2024-12-22 16:27:29,110 - INFO - Epoch [7/100], Train Loss: 0.1310, Validation Loss: 0.1190
2024-12-22 16:27:32,800 - INFO - Epoch [8/100], Train Loss: 0.1281, Validation Loss: 0.1231
2024-12-22 16:27:36,331 - INFO - Epoch [9/100], Train Loss: 0.1262, Validation Loss: 0.1262
2024-12-22 16:27:40,083 - INFO - Epoch [10/100], Train Loss: 0.1246, Validation Loss: 0.1163
2024-12-22 16:27:43,794 - INFO - Epoch [11/100], Train Loss: 0.1247, Validation Loss: 0.1252
2024-12-22 16:27:47,531 - INFO - Epoch [12/100], Train Loss: 0.1216, Validation Loss: 0.1213
2024-12-22 16:27:51,226 - INFO - Epoch [13/100], Train Loss: 0.1256, Validation Loss: 0.1196
2024-12-22 16:27:54,913 - INFO - Epoch [14/100], Train Loss: 0.1281, Validation Loss: 0.1247
2024-12-22 16:27:58,618 - INFO - Epoch [15/100], Train Loss: 0.1258, Validation Loss: 0.1251
2024-12-22 16:28:02,321 - INFO - Epoch [16/100], Train Loss: 0.1207, Validation Loss: 0.1228
2024-12-22 16:28:06,039 - INFO - Epoch [17/100], Train Loss: 0.1174, Validation Loss: 0.1208
2024-12-22 16:28:09,753 - INFO - Epoch [18/100], Train Loss: 0.1151, Validation Loss: 0.1221
2024-12-22 16:28:13,455 - INFO - Epoch [19/100], Train Loss: 0.1124, Validation Loss: 0.1229
2024-12-22 16:28:17,163 - INFO - Epoch [20/100], Train Loss: 0.1105, Validation Loss: 0.1233
2024-12-22 16:28:20,952 - INFO - Epoch [21/100], Train Loss: 0.1084, Validation Loss: 0.1243
2024-12-22 16:28:24,682 - INFO - Epoch [22/100], Train Loss: 0.1067, Validation Loss: 0.1315
2024-12-22 16:28:28,378 - INFO - Epoch [23/100], Train Loss: 0.1032, Validation Loss: 0.1282
2024-12-22 16:28:32,127 - INFO - Epoch [24/100], Train Loss: 0.1028, Validation Loss: 0.1336
2024-12-22 16:28:35,839 - INFO - Epoch [25/100], Train Loss: 0.0982, Validation Loss: 0.1336
2024-12-22 16:28:39,541 - INFO - Epoch [26/100], Train Loss: 0.1087, Validation Loss: 0.1362
2024-12-22 16:28:43,297 - INFO - Epoch [27/100], Train Loss: 0.0993, Validation Loss: 0.1488
2024-12-22 16:28:46,998 - INFO - Epoch [28/100], Train Loss: 0.0941, Validation Loss: 0.1347
2024-12-22 16:28:50,725 - INFO - Epoch [29/100], Train Loss: 0.0918, Validation Loss: 0.1377
2024-12-22 16:28:54,476 - INFO - Epoch [30/100], Train Loss: 0.0887, Validation Loss: 0.1393
2024-12-22 16:28:58,187 - INFO - Epoch [31/100], Train Loss: 0.0876, Validation Loss: 0.1409
2024-12-22 16:29:01,906 - INFO - Epoch [32/100], Train Loss: 0.0853, Validation Loss: 0.1413
2024-12-22 16:29:05,613 - INFO - Epoch [33/100], Train Loss: 0.0865, Validation Loss: 0.1437
2024-12-22 16:29:09,314 - INFO - Epoch [34/100], Train Loss: 0.0897, Validation Loss: 0.1445
2024-12-22 16:29:13,085 - INFO - Epoch [35/100], Train Loss: 0.0820, Validation Loss: 0.1441
2024-12-22 16:29:16,793 - INFO - Epoch [36/100], Train Loss: 0.0836, Validation Loss: 0.1445
2024-12-22 16:29:20,498 - INFO - Epoch [37/100], Train Loss: 0.0783, Validation Loss: 0.1503
2024-12-22 16:29:24,302 - INFO - Epoch [38/100], Train Loss: 0.0767, Validation Loss: 0.1481
2024-12-22 16:29:27,994 - INFO - Epoch [39/100], Train Loss: 0.0795, Validation Loss: 0.1460
2024-12-22 16:29:31,698 - INFO - Epoch [40/100], Train Loss: 0.0815, Validation Loss: 0.1496
2024-12-22 16:29:35,402 - INFO - Epoch [41/100], Train Loss: 0.0770, Validation Loss: 0.1542
2024-12-22 16:29:39,116 - INFO - Epoch [42/100], Train Loss: 0.0791, Validation Loss: 0.1566
2024-12-22 16:29:42,847 - INFO - Epoch [43/100], Train Loss: 0.1066, Validation Loss: 0.1515
2024-12-22 16:29:46,546 - INFO - Epoch [44/100], Train Loss: 0.0944, Validation Loss: 0.1454
2024-12-22 16:29:50,228 - INFO - Epoch [45/100], Train Loss: 0.0855, Validation Loss: 0.1490
2024-12-22 16:29:53,941 - INFO - Epoch [46/100], Train Loss: 0.0891, Validation Loss: 0.1377
2024-12-22 16:29:57,696 - INFO - Epoch [47/100], Train Loss: 0.0819, Validation Loss: 0.1555
2024-12-22 16:30:01,404 - INFO - Epoch [48/100], Train Loss: 0.0763, Validation Loss: 0.1473
2024-12-22 16:30:05,152 - INFO - Epoch [49/100], Train Loss: 0.0725, Validation Loss: 0.1576
2024-12-22 16:30:08,862 - INFO - Epoch [50/100], Train Loss: 0.0979, Validation Loss: 0.1419
2024-12-22 16:30:12,628 - INFO - Epoch [51/100], Train Loss: 0.0819, Validation Loss: 0.1459
2024-12-22 16:30:16,338 - INFO - Epoch [52/100], Train Loss: 0.0717, Validation Loss: 0.1542
2024-12-22 16:30:20,045 - INFO - Epoch [53/100], Train Loss: 0.0810, Validation Loss: 0.1449
2024-12-22 16:30:23,758 - INFO - Epoch [54/100], Train Loss: 0.0763, Validation Loss: 0.1512
2024-12-22 16:30:27,460 - INFO - Epoch [55/100], Train Loss: 0.0694, Validation Loss: 0.1570
2024-12-22 16:30:31,163 - INFO - Epoch [56/100], Train Loss: 0.0873, Validation Loss: 0.1444
2024-12-22 16:30:34,873 - INFO - Epoch [57/100], Train Loss: 0.0990, Validation Loss: 0.1375
2024-12-22 16:30:38,582 - INFO - Epoch [58/100], Train Loss: 0.0854, Validation Loss: 0.1363
2024-12-22 16:30:42,280 - INFO - Epoch [59/100], Train Loss: 0.0837, Validation Loss: 0.1500
2024-12-22 16:30:45,980 - INFO - Epoch [60/100], Train Loss: 0.0737, Validation Loss: 0.1505
2024-12-22 16:30:49,701 - INFO - Epoch [61/100], Train Loss: 0.0661, Validation Loss: 0.1550
2024-12-22 16:30:53,401 - INFO - Epoch [62/100], Train Loss: 0.0681, Validation Loss: 0.1573
2024-12-22 16:30:57,097 - INFO - Epoch [63/100], Train Loss: 0.0666, Validation Loss: 0.1651
2024-12-22 16:31:00,698 - INFO - Epoch [64/100], Train Loss: 0.0730, Validation Loss: 0.1623
2024-12-22 16:31:04,410 - INFO - Epoch [65/100], Train Loss: 0.0738, Validation Loss: 0.1599
2024-12-22 16:31:08,123 - INFO - Epoch [66/100], Train Loss: 0.0665, Validation Loss: 0.1548
2024-12-22 16:31:11,835 - INFO - Epoch [67/100], Train Loss: 0.0685, Validation Loss: 0.1557
2024-12-22 16:31:15,585 - INFO - Epoch [68/100], Train Loss: 0.0681, Validation Loss: 0.1643
2024-12-22 16:31:19,295 - INFO - Epoch [69/100], Train Loss: 0.0615, Validation Loss: 0.1630
2024-12-22 16:31:23,007 - INFO - Epoch [70/100], Train Loss: 0.0618, Validation Loss: 0.1561
2024-12-22 16:31:26,734 - INFO - Epoch [71/100], Train Loss: 0.0889, Validation Loss: 0.1427
2024-12-22 16:31:30,484 - INFO - Epoch [72/100], Train Loss: 0.0886, Validation Loss: 0.1607
2024-12-22 16:31:34,233 - INFO - Epoch [73/100], Train Loss: 0.0831, Validation Loss: 0.1492
2024-12-22 16:31:38,001 - INFO - Epoch [74/100], Train Loss: 0.0750, Validation Loss: 0.1550
2024-12-22 16:31:41,730 - INFO - Epoch [75/100], Train Loss: 0.0719, Validation Loss: 0.1523
2024-12-22 16:31:45,481 - INFO - Epoch [76/100], Train Loss: 0.0700, Validation Loss: 0.1580
2024-12-22 16:31:49,167 - INFO - Epoch [77/100], Train Loss: 0.0629, Validation Loss: 0.1573
2024-12-22 16:31:52,935 - INFO - Epoch [78/100], Train Loss: 0.0591, Validation Loss: 0.1604
2024-12-22 16:31:56,655 - INFO - Epoch [79/100], Train Loss: 0.0611, Validation Loss: 0.1608
2024-12-22 16:32:00,448 - INFO - Epoch [80/100], Train Loss: 0.0998, Validation Loss: 0.1509
2024-12-22 16:32:04,206 - INFO - Epoch [81/100], Train Loss: 0.0737, Validation Loss: 0.1533
2024-12-22 16:32:08,010 - INFO - Epoch [82/100], Train Loss: 0.0699, Validation Loss: 0.1537
2024-12-22 16:32:11,768 - INFO - Epoch [83/100], Train Loss: 0.0673, Validation Loss: 0.1636
2024-12-22 16:32:15,678 - INFO - Epoch [84/100], Train Loss: 0.0607, Validation Loss: 0.1571
2024-12-22 16:32:19,420 - INFO - Epoch [85/100], Train Loss: 0.0617, Validation Loss: 0.1542
2024-12-22 16:32:23,184 - INFO - Epoch [86/100], Train Loss: 0.0939, Validation Loss: 0.1531
2024-12-22 16:32:26,931 - INFO - Epoch [87/100], Train Loss: 0.0785, Validation Loss: 0.1512
2024-12-22 16:32:30,678 - INFO - Epoch [88/100], Train Loss: 0.1039, Validation Loss: 0.1389
2024-12-22 16:32:34,454 - INFO - Epoch [89/100], Train Loss: 0.0815, Validation Loss: 0.1522
2024-12-22 16:32:38,227 - INFO - Epoch [90/100], Train Loss: 0.0659, Validation Loss: 0.1580
2024-12-22 16:32:41,953 - INFO - Epoch [91/100], Train Loss: 0.0720, Validation Loss: 0.1648
2024-12-22 16:32:45,756 - INFO - Epoch [92/100], Train Loss: 0.0622, Validation Loss: 0.1616
2024-12-22 16:32:49,508 - INFO - Epoch [93/100], Train Loss: 0.0582, Validation Loss: 0.1647
2024-12-22 16:32:53,276 - INFO - Epoch [94/100], Train Loss: 0.0560, Validation Loss: 0.1571
2024-12-22 16:32:57,093 - INFO - Epoch [95/100], Train Loss: 0.0739, Validation Loss: 0.1607
2024-12-22 16:33:00,835 - INFO - Epoch [96/100], Train Loss: 0.0837, Validation Loss: 0.1568
2024-12-22 16:33:04,590 - INFO - Epoch [97/100], Train Loss: 0.0658, Validation Loss: 0.1478
2024-12-22 16:33:08,379 - INFO - Epoch [98/100], Train Loss: 0.0752, Validation Loss: 0.1447
2024-12-22 16:33:12,141 - INFO - Epoch [99/100], Train Loss: 0.0958, Validation Loss: 0.1545
2024-12-22 16:33:16,039 - INFO - Epoch [100/100], Train Loss: 0.0755, Validation Loss: 0.1570
2024-12-22 16:33:16,778 - INFO - Test Loss for learning rate 0.001: 0.1649
2024-12-22 16:33:16,933 - INFO - Starting training for learning rate: 1e-06
2024-12-22 16:33:20,640 - INFO - Epoch [1/100], Train Loss: 0.7874, Validation Loss: 0.6338
2024-12-22 16:33:24,396 - INFO - Epoch [2/100], Train Loss: 0.7357, Validation Loss: 0.5881
2024-12-22 16:33:28,171 - INFO - Epoch [3/100], Train Loss: 0.6841, Validation Loss: 0.5431
2024-12-22 16:33:31,935 - INFO - Epoch [4/100], Train Loss: 0.6337, Validation Loss: 0.4988
2024-12-22 16:33:35,677 - INFO - Epoch [5/100], Train Loss: 0.5845, Validation Loss: 0.4556
2024-12-22 16:33:39,425 - INFO - Epoch [6/100], Train Loss: 0.5365, Validation Loss: 0.4139
2024-12-22 16:33:43,169 - INFO - Epoch [7/100], Train Loss: 0.4902, Validation Loss: 0.3744
2024-12-22 16:33:46,937 - INFO - Epoch [8/100], Train Loss: 0.4468, Validation Loss: 0.3376
2024-12-22 16:33:50,700 - INFO - Epoch [9/100], Train Loss: 0.4063, Validation Loss: 0.3042
2024-12-22 16:33:54,441 - INFO - Epoch [10/100], Train Loss: 0.3697, Validation Loss: 0.2746
2024-12-22 16:33:58,178 - INFO - Epoch [11/100], Train Loss: 0.3374, Validation Loss: 0.2494
2024-12-22 16:34:01,955 - INFO - Epoch [12/100], Train Loss: 0.3099, Validation Loss: 0.2288
2024-12-22 16:34:05,709 - INFO - Epoch [13/100], Train Loss: 0.2872, Validation Loss: 0.2128
2024-12-22 16:34:09,446 - INFO - Epoch [14/100], Train Loss: 0.2695, Validation Loss: 0.2010
2024-12-22 16:34:13,195 - INFO - Epoch [15/100], Train Loss: 0.2560, Validation Loss: 0.1927
2024-12-22 16:34:16,961 - INFO - Epoch [16/100], Train Loss: 0.2459, Validation Loss: 0.1871
2024-12-22 16:34:20,711 - INFO - Epoch [17/100], Train Loss: 0.2387, Validation Loss: 0.1832
2024-12-22 16:34:24,470 - INFO - Epoch [18/100], Train Loss: 0.2332, Validation Loss: 0.1803
2024-12-22 16:34:28,282 - INFO - Epoch [19/100], Train Loss: 0.2288, Validation Loss: 0.1779
2024-12-22 16:34:32,033 - INFO - Epoch [20/100], Train Loss: 0.2251, Validation Loss: 0.1756
2024-12-22 16:34:35,793 - INFO - Epoch [21/100], Train Loss: 0.2217, Validation Loss: 0.1733
2024-12-22 16:34:39,583 - INFO - Epoch [22/100], Train Loss: 0.2186, Validation Loss: 0.1711
2024-12-22 16:34:43,333 - INFO - Epoch [23/100], Train Loss: 0.2157, Validation Loss: 0.1689
2024-12-22 16:34:47,074 - INFO - Epoch [24/100], Train Loss: 0.2127, Validation Loss: 0.1668
2024-12-22 16:34:50,844 - INFO - Epoch [25/100], Train Loss: 0.2100, Validation Loss: 0.1647
2024-12-22 16:34:54,616 - INFO - Epoch [26/100], Train Loss: 0.2073, Validation Loss: 0.1627
2024-12-22 16:34:58,343 - INFO - Epoch [27/100], Train Loss: 0.2048, Validation Loss: 0.1608
2024-12-22 16:35:02,102 - INFO - Epoch [28/100], Train Loss: 0.2023, Validation Loss: 0.1590
2024-12-22 16:35:05,863 - INFO - Epoch [29/100], Train Loss: 0.2001, Validation Loss: 0.1573
2024-12-22 16:35:09,581 - INFO - Epoch [30/100], Train Loss: 0.1979, Validation Loss: 0.1557
2024-12-22 16:35:13,360 - INFO - Epoch [31/100], Train Loss: 0.1958, Validation Loss: 0.1541
2024-12-22 16:35:17,127 - INFO - Epoch [32/100], Train Loss: 0.1938, Validation Loss: 0.1526
2024-12-22 16:35:20,863 - INFO - Epoch [33/100], Train Loss: 0.1919, Validation Loss: 0.1513
2024-12-22 16:35:24,632 - INFO - Epoch [34/100], Train Loss: 0.1902, Validation Loss: 0.1500
2024-12-22 16:35:28,442 - INFO - Epoch [35/100], Train Loss: 0.1885, Validation Loss: 0.1489
2024-12-22 16:35:32,223 - INFO - Epoch [36/100], Train Loss: 0.1869, Validation Loss: 0.1476
2024-12-22 16:35:35,948 - INFO - Epoch [37/100], Train Loss: 0.1854, Validation Loss: 0.1467
2024-12-22 16:35:39,762 - INFO - Epoch [38/100], Train Loss: 0.1839, Validation Loss: 0.1456
2024-12-22 16:35:43,537 - INFO - Epoch [39/100], Train Loss: 0.1825, Validation Loss: 0.1447
2024-12-22 16:35:47,281 - INFO - Epoch [40/100], Train Loss: 0.1812, Validation Loss: 0.1438
2024-12-22 16:35:51,052 - INFO - Epoch [41/100], Train Loss: 0.1800, Validation Loss: 0.1429
2024-12-22 16:35:54,806 - INFO - Epoch [42/100], Train Loss: 0.1788, Validation Loss: 0.1422
2024-12-22 16:35:58,584 - INFO - Epoch [43/100], Train Loss: 0.1777, Validation Loss: 0.1414
2024-12-22 16:36:02,345 - INFO - Epoch [44/100], Train Loss: 0.1766, Validation Loss: 0.1407
2024-12-22 16:36:06,123 - INFO - Epoch [45/100], Train Loss: 0.1755, Validation Loss: 0.1400
2024-12-22 16:36:09,886 - INFO - Epoch [46/100], Train Loss: 0.1745, Validation Loss: 0.1393
2024-12-22 16:36:13,627 - INFO - Epoch [47/100], Train Loss: 0.1736, Validation Loss: 0.1388
2024-12-22 16:36:17,358 - INFO - Epoch [48/100], Train Loss: 0.1727, Validation Loss: 0.1382
2024-12-22 16:36:21,323 - INFO - Epoch [49/100], Train Loss: 0.1720, Validation Loss: 0.1377
2024-12-22 16:36:25,232 - INFO - Epoch [50/100], Train Loss: 0.1713, Validation Loss: 0.1372
2024-12-22 16:36:29,228 - INFO - Epoch [51/100], Train Loss: 0.1704, Validation Loss: 0.1368
2024-12-22 16:36:33,196 - INFO - Epoch [52/100], Train Loss: 0.1697, Validation Loss: 0.1364
2024-12-22 16:36:37,097 - INFO - Epoch [53/100], Train Loss: 0.1691, Validation Loss: 0.1360
2024-12-22 16:36:41,126 - INFO - Epoch [54/100], Train Loss: 0.1683, Validation Loss: 0.1357
2024-12-22 16:36:45,095 - INFO - Epoch [55/100], Train Loss: 0.1678, Validation Loss: 0.1353
2024-12-22 16:36:48,997 - INFO - Epoch [56/100], Train Loss: 0.1672, Validation Loss: 0.1350
2024-12-22 16:36:52,906 - INFO - Epoch [57/100], Train Loss: 0.1666, Validation Loss: 0.1347
2024-12-22 16:36:56,869 - INFO - Epoch [58/100], Train Loss: 0.1661, Validation Loss: 0.1344
2024-12-22 16:37:00,844 - INFO - Epoch [59/100], Train Loss: 0.1657, Validation Loss: 0.1341
2024-12-22 16:37:04,778 - INFO - Epoch [60/100], Train Loss: 0.1651, Validation Loss: 0.1339
2024-12-22 16:37:08,750 - INFO - Epoch [61/100], Train Loss: 0.1647, Validation Loss: 0.1336
2024-12-22 16:37:12,676 - INFO - Epoch [62/100], Train Loss: 0.1643, Validation Loss: 0.1334
2024-12-22 16:37:16,677 - INFO - Epoch [63/100], Train Loss: 0.1638, Validation Loss: 0.1331
2024-12-22 16:37:20,609 - INFO - Epoch [64/100], Train Loss: 0.1635, Validation Loss: 0.1329
2024-12-22 16:37:24,568 - INFO - Epoch [65/100], Train Loss: 0.1630, Validation Loss: 0.1328
2024-12-22 16:37:28,578 - INFO - Epoch [66/100], Train Loss: 0.1626, Validation Loss: 0.1326
2024-12-22 16:37:32,475 - INFO - Epoch [67/100], Train Loss: 0.1623, Validation Loss: 0.1324
2024-12-22 16:37:36,443 - INFO - Epoch [68/100], Train Loss: 0.1620, Validation Loss: 0.1322
2024-12-22 16:37:40,432 - INFO - Epoch [69/100], Train Loss: 0.1617, Validation Loss: 0.1321
2024-12-22 16:37:44,123 - INFO - Epoch [70/100], Train Loss: 0.1613, Validation Loss: 0.1319
2024-12-22 16:37:48,182 - INFO - Epoch [71/100], Train Loss: 0.1611, Validation Loss: 0.1318
2024-12-22 16:37:52,329 - INFO - Epoch [72/100], Train Loss: 0.1607, Validation Loss: 0.1317
2024-12-22 16:37:56,482 - INFO - Epoch [73/100], Train Loss: 0.1605, Validation Loss: 0.1316
2024-12-22 16:38:00,572 - INFO - Epoch [74/100], Train Loss: 0.1602, Validation Loss: 0.1314
2024-12-22 16:38:04,682 - INFO - Epoch [75/100], Train Loss: 0.1599, Validation Loss: 0.1313
2024-12-22 16:38:08,805 - INFO - Epoch [76/100], Train Loss: 0.1597, Validation Loss: 0.1312
2024-12-22 16:38:12,946 - INFO - Epoch [77/100], Train Loss: 0.1594, Validation Loss: 0.1310
2024-12-22 16:38:17,061 - INFO - Epoch [78/100], Train Loss: 0.1592, Validation Loss: 0.1310
2024-12-22 16:38:21,234 - INFO - Epoch [79/100], Train Loss: 0.1590, Validation Loss: 0.1309
2024-12-22 16:38:25,361 - INFO - Epoch [80/100], Train Loss: 0.1588, Validation Loss: 0.1308
2024-12-22 16:38:29,476 - INFO - Epoch [81/100], Train Loss: 0.1585, Validation Loss: 0.1307
2024-12-22 16:38:33,592 - INFO - Epoch [82/100], Train Loss: 0.1583, Validation Loss: 0.1306
2024-12-22 16:38:37,708 - INFO - Epoch [83/100], Train Loss: 0.1582, Validation Loss: 0.1305
2024-12-22 16:38:41,875 - INFO - Epoch [84/100], Train Loss: 0.1580, Validation Loss: 0.1304
2024-12-22 16:38:45,979 - INFO - Epoch [85/100], Train Loss: 0.1578, Validation Loss: 0.1303
2024-12-22 16:38:50,139 - INFO - Epoch [86/100], Train Loss: 0.1575, Validation Loss: 0.1302
2024-12-22 16:38:54,231 - INFO - Epoch [87/100], Train Loss: 0.1574, Validation Loss: 0.1302
2024-12-22 16:38:58,399 - INFO - Epoch [88/100], Train Loss: 0.1572, Validation Loss: 0.1301
2024-12-22 16:39:02,504 - INFO - Epoch [89/100], Train Loss: 0.1571, Validation Loss: 0.1300
2024-12-22 16:39:06,603 - INFO - Epoch [90/100], Train Loss: 0.1569, Validation Loss: 0.1299
2024-12-22 16:39:10,831 - INFO - Epoch [91/100], Train Loss: 0.1567, Validation Loss: 0.1298
2024-12-22 16:39:14,957 - INFO - Epoch [92/100], Train Loss: 0.1566, Validation Loss: 0.1298
2024-12-22 16:39:19,084 - INFO - Epoch [93/100], Train Loss: 0.1564, Validation Loss: 0.1297
2024-12-22 16:39:23,231 - INFO - Epoch [94/100], Train Loss: 0.1563, Validation Loss: 0.1297
2024-12-22 16:39:27,368 - INFO - Epoch [95/100], Train Loss: 0.1562, Validation Loss: 0.1296
2024-12-22 16:39:31,468 - INFO - Epoch [96/100], Train Loss: 0.1560, Validation Loss: 0.1295
2024-12-22 16:39:35,608 - INFO - Epoch [97/100], Train Loss: 0.1558, Validation Loss: 0.1295
2024-12-22 16:39:39,788 - INFO - Epoch [98/100], Train Loss: 0.1558, Validation Loss: 0.1294
2024-12-22 16:39:43,936 - INFO - Epoch [99/100], Train Loss: 0.1556, Validation Loss: 0.1294
2024-12-22 16:39:48,029 - INFO - Epoch [100/100], Train Loss: 0.1555, Validation Loss: 0.1293
2024-12-22 16:39:48,782 - INFO - Test Loss for learning rate 1e-06: 0.1482
